2025-12-19 12:46:36 [INFO] Activity mailer iniciado en modo loop.
2025-12-19 12:49:29 [INFO] Enviando email via smtp.gmail.com:465 ssl=True starttls=False a ['lcontigiani@bpbargentina.com']
2025-12-19 12:49:31 [INFO] Email enviado correctamente.
2025-12-19 12:49:32 [INFO] Correo diario enviado a 1/1 destinatarios. Token 37ce0ab2.
2025-12-19 12:52:54 [INFO] Respuesta registrada de lcontigiani@bpbargentina.com para token 37ce0ab2 (UID 982).
2025-12-19 13:03:58 [INFO] Activity mailer iniciado en modo loop.
2025-12-19 13:05:32 [INFO] Respuesta registrada de lcontigiani@bpbargentina.com para token 37ce0ab2 (UID 983).
2025-12-19 14:59:37 [INFO] Activity mailer iniciado en modo loop.
2025-12-19 15:00:11 [WARN] No se pudo cargar estado \\192.168.0.13\lcontigiani\Oficina Tecnica\Registro de Actividad\Codigos\data\activity_mailer_state.json: Expecting value: line 1 column 1 (char 0)
2025-12-19 15:00:11 [INFO] Enviando email via smtp.gmail.com:465 ssl=True starttls=False a ['lcontigiani@bpbargentina.com']
2025-12-19 15:00:14 [INFO] Email enviado correctamente.
2025-12-19 15:00:14 [INFO] Correo diario enviado a 1/1 destinatarios. Token 69d007e2.
2026-01-05 12:35:09 [INFO] Enviando email via smtp.gmail.com:465 ssl=True starttls=False a ['lcontigiani@bpbargentina.com']
2026-01-05 12:35:12 [INFO] Email enviado correctamente.
2026-01-05 12:35:12 [INFO] Correo diario enviado a 1/1 destinatarios. Token cd5108a3.
2026-01-05 12:40:19 [INFO] Respuesta registrada de lcontigiani@bpbargentina.com para token cd5108a3 (UID 1007).
2026-01-05 12:44:39 [INFO] Activity mailer iniciado en modo loop.
2026-01-05 12:48:49 [INFO] Respuesta registrada de lcontigiani@bpbargentina.com para token cd5108a3 (UID 1008).
2026-01-05 12:55:53 [INFO] Activity mailer iniciado en modo loop.
2026-01-05 12:59:13 [INFO] Respuesta registrada de lcontigiani@bpbargentina.com para token cd5108a3 (UID 1009).
2026-01-05 12:59:13 [INFO] Respuesta registrada de lcontigiani@bpbargentina.com para token cd5108a3 (UID 1010).
2026-01-05 13:02:17 [INFO] Activity mailer iniciado en modo loop.
2026-01-05 13:07:05 [INFO] Enviando email via smtp.gmail.com:465 ssl=True starttls=False a ['lcontigiani@bpbargentina.com']
2026-01-05 13:07:09 [INFO] Email enviado correctamente.
2026-01-05 13:07:09 [INFO] Correo diario enviado a 1/1 destinatarios. Token 02e4bed5.
2026-01-05 13:08:33 [INFO] Respuesta registrada de lcontigiani@bpbargentina.com para token 02e4bed5 (UID 17).
2026-01-05 13:28:40 [INFO] Respuesta registrada de lcontigiani@bpbargentina.com para token 02e4bed5 (UID 18).
2026-01-05 13:29:00 [INFO] Activity mailer iniciado en modo loop.
2026-01-05 13:30:36 [INFO] Respuesta registrada de lcontigiani@bpbargentina.com para token 02e4bed5 (UID 19).
2026-01-05 13:35:33 [INFO] Activity mailer iniciado en modo loop.
2026-01-05 13:37:09 [INFO] Respuesta registrada de lcontigiani@bpbargentina.com para token 02e4bed5 (UID 20).
2026-01-05 13:39:40 [INFO] Activity mailer iniciado en modo loop.
2026-01-05 13:40:12 [INFO] Enviando email via smtp.gmail.com:465 ssl=True starttls=False a ['lcontigiani@bpbargentina.com']
2026-01-05 13:40:15 [INFO] Email enviado correctamente.
2026-01-05 13:40:15 [INFO] Correo diario enviado a 1/1 destinatarios. Token 67d74084.
2026-01-05 13:42:49 [INFO] Respuesta registrada de lcontigiani@bpbargentina.com para token 67d74084 (UID 21).
2026-01-05 13:45:56 [INFO] Respuesta registrada de lcontigiani@bpbargentina.com para token 67d74084 (UID 22).
2026-01-05 13:49:02 [INFO] Respuesta registrada de lcontigiani@bpbargentina.com para token 67d74084 (UID 23).
2026-01-05 13:50:27 [INFO] Activity mailer iniciado en modo loop.
2026-01-05 13:50:30 [WARN] Error al revisar respuestas IMAP: UID command error: BAD [b'Could not parse command']
2026-01-05 13:52:03 [WARN] Error al revisar respuestas IMAP: UID command error: BAD [b'Could not parse command']
2026-01-05 13:53:35 [WARN] Error al revisar respuestas IMAP: UID command error: BAD [b'Could not parse command']
2026-01-05 13:55:08 [WARN] Error al revisar respuestas IMAP: UID command error: BAD [b'Could not parse command']
2026-01-05 13:56:40 [WARN] Error al revisar respuestas IMAP: UID command error: BAD [b'Could not parse command']
2026-01-05 13:58:13 [WARN] Error al revisar respuestas IMAP: UID command error: BAD [b'Could not parse command']
2026-01-05 13:59:09 [INFO] Activity mailer iniciado en modo loop.
2026-01-05 13:59:13 [INFO] Respuesta registrada de lcontigiani@bpbargentina.com para token 67d74084 (UID 24).
2026-01-05 14:02:20 [INFO] Respuesta registrada de lcontigiani@bpbargentina.com para token 67d74084 (UID 25).
2026-01-05 14:03:54 [INFO] Respuesta registrada de lcontigiani@bpbargentina.com para token 67d74084 (UID 26).
2026-01-05 14:11:40 [INFO] Activity mailer iniciado en modo loop.
2026-01-05 14:13:17 [INFO] Respuesta registrada de lcontigiani@bpbargentina.com para token 67d74084 (UID 27).
2026-01-05 14:23:24 [INFO] Activity mailer iniciado en modo loop.
2026-01-05 14:25:00 [INFO] Respuesta registrada de lcontigiani@bpbargentina.com para token 67d74084 (UID 28).
2026-01-05 14:30:56 [INFO] Activity mailer iniciado en modo loop.
2026-01-05 14:34:05 [INFO] Respuesta registrada de lcontigiani@bpbargentina.com para token 67d74084 (UID 29).
2026-01-05 14:37:12 [INFO] Respuesta registrada de lcontigiani@bpbargentina.com para token 67d74084 (UID 30).
2026-01-05 14:43:25 [INFO] Activity mailer iniciado en modo loop.
2026-01-05 14:45:01 [INFO] Respuesta registrada de lcontigiani@bpbargentina.com para token 67d74084 (UID 31).
2026-01-05 15:19:09 [INFO] Activity mailer iniciado en modo loop.
2026-01-05 15:20:45 [INFO] Respuesta registrada de lcontigiani@bpbargentina.com para token 67d74084 (UID 32).
2026-01-05 15:33:58 [INFO] Activity mailer iniciado en modo loop.
2026-01-05 15:35:35 [INFO] Respuesta registrada de lcontigiani@bpbargentina.com para token 67d74084 (UID 33).
2026-01-05 17:06:08 [INFO] Activity mailer iniciado en modo loop.
2026-01-05 17:16:35 [INFO] Activity mailer iniciado en modo loop.
2026-01-05 17:19:11 [INFO] Activity mailer iniciado en modo loop.
2026-01-05 17:21:31 [INFO] Activity mailer iniciado en modo loop.
2026-01-05 17:28:26 [INFO] Activity mailer iniciado en modo loop.
2026-01-05 17:29:54 [INFO] Enviando email via smtp.gmail.com:465 ssl=True starttls=False a ['lcontigiani@bpbargentina.com']
2026-01-05 17:29:56 [INFO] Email enviado correctamente.
2026-01-05 17:29:56 [INFO] Correo diario enviado a 1/1 destinatarios. Token 23cdc019.
2026-01-05 17:31:35 [INFO] Respuesta registrada de lcontigiani@bpbargentina.com para token 23cdc019 (UID 34).
2026-01-05 17:37:27 [INFO] Activity mailer iniciado en modo loop.
2026-01-05 17:39:03 [INFO] Respuesta registrada de lcontigiani@bpbargentina.com para token 23cdc019 (UID 35).
2026-01-06 17:00:05 [INFO] Enviando email via smtp.gmail.com:465 ssl=True starttls=False a ['lcontigiani@bpbargentina.com']
2026-01-06 17:00:08 [INFO] Email enviado correctamente.
2026-01-06 17:00:08 [INFO] Correo diario enviado a 1/1 destinatarios. Token 12d22398.
2026-01-07 17:00:07 [INFO] Enviando email via smtp.gmail.com:465 ssl=True starttls=False a ['lcontigiani@bpbargentina.com']
2026-01-07 17:00:10 [INFO] Email enviado correctamente.
2026-01-07 17:00:10 [INFO] Correo diario enviado a 1/1 destinatarios. Token f438c2be.
2026-01-08 17:00:28 [INFO] Enviando email via smtp.gmail.com:465 ssl=True starttls=False a ['lcontigiani@bpbargentina.com']
2026-01-08 17:00:30 [INFO] Email enviado correctamente.
2026-01-08 17:00:30 [INFO] Correo diario enviado a 1/1 destinatarios. Token c136fa18.
2026-01-09 16:00:17 [INFO] Enviando email via smtp.gmail.com:465 ssl=True starttls=False a ['lcontigiani@bpbargentina.com']
2026-01-09 16:00:20 [INFO] Email enviado correctamente.
2026-01-09 16:00:20 [INFO] Correo diario enviado a 1/1 destinatarios. Token 360cbbf8.
2026-01-12 17:00:01 [INFO] Enviando email via smtp.gmail.com:465 ssl=True starttls=False a ['lcontigiani@bpbargentina.com']
2026-01-12 17:00:04 [INFO] Email enviado correctamente.
2026-01-12 17:00:04 [INFO] Correo diario enviado a 1/1 destinatarios. Token 26749df5.
2026-01-13 11:02:47 [ERROR] No se pudo conectar a IMAP imap.gmail.com:993 como costos@bpbargentina.com: b'[AUTHENTICATIONFAILED] Invalid credentials (Failure)'
2026-01-13 17:00:23 [INFO] Enviando email via smtp.gmail.com:465 ssl=True starttls=False a ['lcontigiani@bpbargentina.com']
2026-01-13 17:00:26 [INFO] Email enviado correctamente.
2026-01-13 17:00:27 [INFO] Correo diario enviado a 1/1 destinatarios. Token e870b259.
2026-01-14 17:00:08 [INFO] Enviando email via smtp.gmail.com:465 ssl=True starttls=False a ['lcontigiani@bpbargentina.com']
2026-01-14 17:00:11 [INFO] Email enviado correctamente.
2026-01-14 17:00:11 [INFO] Correo diario enviado a 1/1 destinatarios. Token 179f5aab.
2026-01-15 17:00:03 [INFO] Enviando email via smtp.gmail.com:465 ssl=True starttls=False a ['lcontigiani@bpbargentina.com']
2026-01-15 17:00:07 [INFO] Email enviado correctamente.
2026-01-15 17:00:08 [INFO] Correo diario enviado a 1/1 destinatarios. Token 297f06d9.
2026-01-16 16:00:04 [INFO] Enviando email via smtp.gmail.com:465 ssl=True starttls=False a ['lcontigiani@bpbargentina.com']
2026-01-16 16:00:08 [INFO] Email enviado correctamente.
2026-01-16 16:00:08 [INFO] Correo diario enviado a 1/1 destinatarios. Token 0ecf33a6.
2026-01-19 17:00:20 [INFO] Enviando email via smtp.gmail.com:465 ssl=True starttls=False a ['lcontigiani@bpbargentina.com']
2026-01-19 17:00:23 [INFO] Email enviado correctamente.
2026-01-19 17:00:23 [INFO] Correo diario enviado a 1/1 destinatarios. Token 80e68b94.
2026-01-20 08:36:00 [INFO] Enviando email via smtp.gmail.com:465 ssl=True starttls=False a ['lcontigiani@bpbargentina.com']
2026-01-20 08:36:03 [INFO] Email enviado correctamente.
2026-01-20 08:36:03 [INFO] Correo diario enviado a 1/1 destinatarios. Token dc1f577a.
2026-01-20 08:45:06 [INFO] Respuesta registrada de lcontigiani@bpbargentina.com para token 80e68b94 (UID 36).
2026-01-20 14:23:17 [INFO] Activity mailer iniciado en modo loop.
2026-01-20 14:23:53 [INFO] Activity mailer iniciado en modo loop.
2026-01-20 14:24:33 [INFO] Activity mailer iniciado en modo loop.
2026-01-20 16:00:26 [INFO] Activity mailer iniciado en modo loop.
2026-01-20 16:03:00 [INFO] Activity mailer iniciado en modo loop.
2026-01-20 16:05:34 [INFO] Activity mailer iniciado en modo loop.
2026-01-20 16:06:01 [INFO] Enviando email via smtp.gmail.com:465 ssl=True starttls=False a ['lcontigiani@bpbargentina.com']
2026-01-20 16:06:03 [ERROR] No se pudo enviar email: (535, b'5.7.8 Username and Password not accepted. For more information, go to\n5.7.8  https://support.google.com/mail/?p=BadCredentials a92af1059eb24-1244ac57fd0sm20942826c88.3 - gsmtp')
2026-01-20 16:06:03 [ERROR] Fallo el envio del correo diario (ningun destinatario recibio).
2026-01-20 16:06:17 [INFO] Enviando email via smtp.gmail.com:465 ssl=True starttls=False a ['lcontigiani@bpbargentina.com']
2026-01-20 16:06:19 [ERROR] No se pudo enviar email: (535, b'5.7.8 Username and Password not accepted. For more information, go to\n5.7.8  https://support.google.com/mail/?p=BadCredentials a92af1059eb24-1244aefa7c5sm22714951c88.10 - gsmtp')
2026-01-20 16:06:19 [ERROR] Fallo el envio del correo diario (ningun destinatario recibio).
2026-01-20 16:06:33 [INFO] Enviando email via smtp.gmail.com:465 ssl=True starttls=False a ['lcontigiani@bpbargentina.com']
2026-01-20 16:06:35 [INFO] Email enviado correctamente.
2026-01-20 16:06:36 [INFO] Correo diario enviado a 1/1 destinatarios. Token ca2f3be1.
2026-01-20 16:15:57 [WARN] Error al revisar respuestas IMAP: command: UID => socket error: EOF
2026-01-20 16:16:48 [INFO] Activity mailer iniciado en modo loop.
2026-01-20 16:17:01 [INFO] Enviando email via smtp.gmail.com:465 ssl=True starttls=False a ['lcontigiani@bpbargentina.com']
2026-01-20 16:17:03 [INFO] Email enviado correctamente.
2026-01-20 16:17:04 [INFO] Correo diario enviado a 1/1 destinatarios. Token b0b5b6d0.
2026-01-20 16:26:59 [INFO] Activity mailer iniciado en modo loop.
2026-01-20 16:28:31 [INFO] Enviando email via smtp.gmail.com:465 ssl=True starttls=False a ['lcontigiani@bpbargentina.com']
2026-01-20 16:28:34 [INFO] Email enviado correctamente.
2026-01-20 16:28:34 [INFO] Correo diario enviado a 1/1 destinatarios. Token 96caf668.
2026-01-20 16:37:05 [INFO] Activity mailer iniciado en modo loop.
2026-01-20 16:42:38 [WARN] Otro proceso del mailer ya esta en ejecucion (lock en U:\Oficina Tecnica\Registro de Actividad\Codigos\data\activity_mailer.lock). Saliendo.
2026-01-20 16:44:23 [WARN] Otro proceso del mailer ya esta en ejecucion (lock en \\192.168.0.13\lcontigiani\Oficina Tecnica\Registro de Actividad\Codigos\data\activity_mailer.lock). Saliendo.
2026-01-20 16:45:08 [WARN] Otro proceso del mailer ya esta en ejecucion (lock en \\192.168.0.13\lcontigiani\Oficina Tecnica\Registro de Actividad\Codigos\data\activity_mailer.lock). Saliendo.
2026-01-20 16:45:35 [WARN] Otro proceso del mailer ya esta en ejecucion (lock en \\192.168.0.13\lcontigiani\Oficina Tecnica\Registro de Actividad\Codigos\data\activity_mailer.lock). Saliendo.
2026-01-20 16:46:44 [INFO] Activity mailer iniciado en modo loop.
2026-01-20 16:49:58 [WARN] Otro proceso del mailer ya esta en ejecucion (lock en T:\Oficina Tecnica\Registro de Actividad\Codigos\data\activity_mailer.lock). Saliendo.
2026-01-20 16:50:40 [WARN] Otro proceso del mailer ya esta en ejecucion (lock en T:\Oficina Tecnica\Registro de Actividad\Codigos\data\activity_mailer.lock). Saliendo.
2026-01-20 16:53:38 [WARN] Otro proceso del mailer ya esta en ejecucion (lock en T:\Oficina Tecnica\Registro de Actividad\Codigos\data\activity_mailer.lock). Saliendo.
2026-01-20 16:55:47 [INFO] Activity mailer iniciado en modo loop.
2026-01-20 17:00:08 [INFO] Enviando email via smtp.gmail.com:465 ssl=True starttls=False a ['lcontigiani@bpbargentina.com']
2026-01-20 17:00:10 [INFO] Email enviado correctamente.
2026-01-20 17:00:11 [INFO] Enviando email via smtp.gmail.com:465 ssl=True starttls=False a ['lcochis@bpbargentina.com']
2026-01-20 17:00:13 [INFO] Email enviado correctamente.
2026-01-20 17:00:13 [INFO] Correo diario enviado a 2/2 destinatarios. Token 4fea9ca6.
2026-01-20 17:47:02 [WARN] Otro proceso del mailer ya esta en ejecucion (lock en Y:\Oficina Tecnica\Registro de Actividad\Codigos\data\activity_mailer.lock). Saliendo.
2026-01-20 17:50:50 [INFO] Enviando email via smtp.gmail.com:465 ssl=True starttls=False a ['lcontigiani@bpbargentina.com']
2026-01-20 17:50:53 [INFO] Email enviado correctamente.
2026-01-20 17:50:54 [INFO] Correo diario enviado a 1/1 destinatarios. Token 15aa7838.
2026-01-20 17:52:19 [INFO] Activity mailer iniciado en modo loop.
2026-01-20 19:32:40 [ERROR] No se pudo conectar a IMAP imap.gmail.com:993 como costos@bpbargentina.com: [WinError 10060] Se produjo un error durante el intento de conexión ya que la parte conectada no respondió adecuadamente tras un periodo de tiempo, o bien se produjo un error en la conexión establecida ya que el host conectado no ha podido responder
2026-01-20 19:34:52 [ERROR] No se pudo conectar a IMAP imap.gmail.com:993 como costos@bpbargentina.com: [WinError 10060] Se produjo un error durante el intento de conexión ya que la parte conectada no respondió adecuadamente tras un periodo de tiempo, o bien se produjo un error en la conexión establecida ya que el host conectado no ha podido responder
2026-01-20 19:37:05 [ERROR] No se pudo conectar a IMAP imap.gmail.com:993 como costos@bpbargentina.com: [WinError 10060] Se produjo un error durante el intento de conexión ya que la parte conectada no respondió adecuadamente tras un periodo de tiempo, o bien se produjo un error en la conexión establecida ya que el host conectado no ha podido responder
2026-01-21 08:26:49 [INFO] Enviando email via smtp.gmail.com:465 ssl=True starttls=False a ['lcontigiani@bpbargentina.com']
2026-01-21 08:26:52 [INFO] Email enviado correctamente.
2026-01-21 08:26:52 [INFO] Correo diario enviado a 1/1 destinatarios. Token 857cd93c.
2026-01-21 09:38:33 [INFO] Activity mailer iniciado en modo loop.
2026-01-21 16:59:02 [INFO] Enviando email via smtp.gmail.com:465 ssl=True starttls=False a ['lcontigiani@bpbargentina.com']
2026-01-21 16:59:06 [INFO] Email enviado correctamente.
2026-01-21 16:59:06 [INFO] Enviando email via smtp.gmail.com:465 ssl=True starttls=False a ['lcochis@bpbargentina.com']
2026-01-21 16:59:09 [INFO] Email enviado correctamente.
2026-01-21 16:59:09 [INFO] Correo diario enviado a 2/2 destinatarios. Token cdb83bd2.
2026-01-21 17:05:38 [INFO] Enviando email via smtp.gmail.com:465 ssl=True starttls=False a ['lcochis@bpbargentina.com']
2026-01-21 17:05:42 [INFO] Email enviado correctamente.
2026-01-21 17:05:42 [INFO] Correo diario enviado a 1/1 destinatarios. Token 0a338915.
2026-01-21 17:21:25 [INFO] Enviando email via smtp.gmail.com:465 ssl=True starttls=False a ['lcochis@bpbargentina.com']
2026-01-21 17:21:28 [INFO] Email enviado correctamente.
2026-01-21 17:21:28 [INFO] Correo diario enviado a 1/1 destinatarios. Token 538f79eb.
2026-01-21 17:27:23 [INFO] Activity mailer iniciado en modo loop.
2026-01-21 17:27:30 [WARN] Otro proceso del mailer ya esta en ejecucion (lock en Y:\Oficina Tecnica\Registro de Actividad\Codigos\data\activity_mailer.lock). Saliendo.
2026-01-21 17:28:59 [WARN] Otro proceso del mailer ya esta en ejecucion (lock en Y:\Oficina Tecnica\Registro de Actividad\Codigos\data\activity_mailer.lock). Saliendo.
2026-01-21 17:29:30 [WARN] Otro proceso del mailer ya esta en ejecucion (lock en L:\Oficina Tecnica\Registro de Actividad\Codigos\data\activity_mailer.lock). Saliendo.
2026-01-21 17:29:47 [WARN] Otro proceso del mailer ya esta en ejecucion (lock en L:\Oficina Tecnica\Registro de Actividad\Codigos\data\activity_mailer.lock). Saliendo.
2026-01-21 17:31:45 [INFO] Enviando email via smtp.gmail.com:465 ssl=True starttls=False a ['lcontigiani@bpbargentina.com']
2026-01-21 17:31:48 [INFO] Email enviado correctamente.
2026-01-21 17:31:49 [INFO] Correo diario enviado a 1/1 destinatarios. Token dace1471.
2026-01-21 17:37:19 [INFO] Enviando email via smtp.gmail.com:465 ssl=True starttls=False a ['aalberto@bpbargentina.com']
2026-01-21 17:37:22 [INFO] Email enviado correctamente.
2026-01-21 17:37:22 [INFO] Correo diario enviado a 1/1 destinatarios. Token cdc25f51.
2026-01-21 17:43:30 [INFO] Enviando email via smtp.gmail.com:465 ssl=True starttls=False a ['aalberto@bpbargentina.com']
2026-01-21 17:43:34 [INFO] Email enviado correctamente.
2026-01-21 17:43:34 [INFO] Correo diario enviado a 1/1 destinatarios. Token c0337198.
2026-01-22 16:28:07 [INFO] Enviando email via smtp.gmail.com:465 ssl=True starttls=False a ['lcontigiani@bpbargentina.com']
2026-01-22 16:28:10 [INFO] Email enviado correctamente.
2026-01-22 16:28:10 [INFO] Correo diario enviado a 1/1 destinatarios. Token 44d4c183.
2026-01-22 17:21:43 [INFO] Enviando email via smtp.gmail.com:465 ssl=True starttls=False a ['lcontigiani@bpbargentina.com']
2026-01-22 17:21:46 [INFO] Email enviado correctamente.
2026-01-22 17:21:46 [INFO] Correo diario enviado a 1/1 destinatarios. Token b41e2d7f.
2026-01-22 17:40:33 [INFO] Enviando email via smtp.gmail.com:465 ssl=True starttls=False a ['lcontigiani@bpbargentina.com']
2026-01-22 17:40:36 [INFO] Email enviado correctamente.
2026-01-22 17:40:36 [INFO] Correo diario enviado a 1/1 destinatarios. Token f08d541a.
2026-01-23 08:15:18 [INFO] Enviando email via smtp.gmail.com:465 ssl=True starttls=False a ['lcontigiani@bpbargentina.com']
2026-01-23 08:15:21 [INFO] Email enviado correctamente.
2026-01-23 08:15:21 [INFO] Correo diario enviado a 1/1 destinatarios. Token ae4f4146.
2026-01-23 12:07:22 [INFO] Enviando email via smtp.gmail.com:465 ssl=True starttls=False a ['lcontigiani@bpbargentina.com']
2026-01-23 12:07:25 [INFO] Email enviado correctamente.
2026-01-23 12:07:25 [INFO] Correo diario enviado a 1/1 destinatarios. Token 62d0cbe0.
2026-01-23 13:03:32 [INFO] Enviando email via smtp.gmail.com:465 ssl=True starttls=False a ['aalberto@bpbargentina.com']
2026-01-23 13:03:35 [INFO] Email enviado correctamente.
2026-01-23 13:03:35 [INFO] Correo diario enviado a 1/1 destinatarios. Token 270eb9ba.
2026-01-23 13:11:04 [INFO] Activity mailer iniciado en modo loop.
2026-01-23 13:18:44 [WARN] Otro proceso del mailer ya esta en ejecucion (lock en J:\Oficina Tecnica\Registro de Actividad\Codigos\data\activity_mailer.lock). Saliendo.
2026-01-23 13:19:02 [WARN] Otro proceso del mailer ya esta en ejecucion (lock en J:\Oficina Tecnica\Registro de Actividad\Codigos\data\activity_mailer.lock). Saliendo.
2026-01-23 13:21:30 [INFO] Activity mailer iniciado en modo loop.
2026-01-23 15:44:53 [INFO] Activity mailer iniciado en modo loop.
