2026-02-12 14:33:33,585 [INFO] Procesando ÚLTIMO REGISTRO: Registro - R0011 - 2026-02-12
2026-02-12 14:33:33,586 [INFO] Claves de búsqueda: 1
2026-02-12 14:33:33,607 [INFO] Carpeta 'Entrantes' limpiada.
2026-02-12 14:33:33,621 [INFO] Buscando PDFs para 1 POs en \\192.168.0.55\Oficina Tecnica\PLANOS\BPB FACTORY PRINTS ...
2026-02-12 14:33:33,623 [INFO] Modo 'Batch Scan' activado (Indexado Único) para 1 POs...
2026-02-12 14:33:33,624 [INFO] Escaneando directorio de PDFs: \\192.168.0.55\Oficina Tecnica\PLANOS\BPB FACTORY PRINTS
2026-02-12 14:49:36,104 [INFO] Procesando ÚLTIMO REGISTRO: Registro - R0011 - 2026-02-12
2026-02-12 14:49:36,106 [INFO] Claves de búsqueda: 1
2026-02-12 14:49:36,327 [INFO] Carpeta 'Entrantes' limpiada.
2026-02-12 14:49:36,346 [INFO] Buscando PDFs para 1 POs en \\192.168.0.55\Oficina Tecnica\PLANOS\BPB FACTORY PRINTS ...
2026-02-12 14:49:36,347 [INFO] Modo 'Batch Scan' activado (Indexado Único) para 1 POs...
2026-02-12 14:49:36,348 [INFO] Escaneando directorio de PDFs: \\192.168.0.55\Oficina Tecnica\PLANOS\BPB FACTORY PRINTS
2026-02-12 14:51:41,406 [INFO] Escaneo completado. 12298 PDFs analizados.
2026-02-12 14:51:41,409 [INFO] PO 1291: Seleccionados 11 archivos (de 11 candidatos).
2026-02-12 14:51:41,410 [INFO] Búsqueda completada. POs encontradas: 1
2026-02-12 14:51:42,331 [INFO] Resumen paso 2: 1291: copiados 11
2026-02-12 14:51:45,847 [INFO] Exportado Auxiliar -> \\BPBSRV03\lcontigiani\Oficina Tecnica\Registro de Control de Producto\Auxiliares\indices_auxiliar\R016-01 (INSPECCION DE ENGRANAJES) Rev 2_Auxiliar.csv
2026-02-12 14:51:46,450 [INFO] Exportado Auxiliar -> \\BPBSRV03\lcontigiani\Oficina Tecnica\Registro de Control de Producto\Auxiliares\indices_auxiliar\R016-01 (INSPECCION DE ESPECIALES)_Auxiliar.csv
2026-02-12 14:51:46,918 [WARNING] Hoja Auxiliar no encontrada en \\192.168.0.55\utn\REGISTROS\R016-01\R016-01 (INSPECCION DE MAZAS) - AG59520.xlsm
2026-02-12 14:51:47,458 [INFO] Exportado Auxiliar -> \\BPBSRV03\lcontigiani\Oficina Tecnica\Registro de Control de Producto\Auxiliares\indices_auxiliar\R016-01 (INSPECCION DE SELLOS Y JAULAS)_Auxiliar.csv
2026-02-12 14:51:48,052 [INFO] Exportado Auxiliar -> \\BPBSRV03\lcontigiani\Oficina Tecnica\Registro de Control de Producto\Auxiliares\indices_auxiliar\R016-01 (INSPECCION ROD. AGRICOLA)_Auxiliar.csv
2026-02-12 14:51:48,392 [INFO] Exportado Auxiliar -> \\BPBSRV03\lcontigiani\Oficina Tecnica\Registro de Control de Producto\Auxiliares\indices_auxiliar\R016-01 (INSPECCION ROD. AUTOCENTRANTES)-Rev 11_Auxiliar.csv
2026-02-12 14:51:48,572 [INFO] Exportado Auxiliar -> \\BPBSRV03\lcontigiani\Oficina Tecnica\Registro de Control de Producto\Auxiliares\indices_auxiliar\R016-01 (INSPECCION ROD. CONICOS)-Rev.A_Auxiliar.csv
2026-02-12 14:51:48,799 [INFO] Exportado Auxiliar -> \\BPBSRV03\lcontigiani\Oficina Tecnica\Registro de Control de Producto\Auxiliares\indices_auxiliar\R016-01 (INSPECCION ROD. DE RODILLO)_Auxiliar.csv
2026-02-12 14:51:48,953 [INFO] Exportado Auxiliar -> \\BPBSRV03\lcontigiani\Oficina Tecnica\Registro de Control de Producto\Auxiliares\indices_auxiliar\R016-01 (INSPECCION ROD.RODILLO AGUJA)_Auxiliar.csv
2026-02-12 14:51:48,999 [WARNING] Hoja Auxiliar no encontrada en \\192.168.0.55\utn\REGISTROS\R016-01\R016-01 CONTROL DE RECEPCIÓN DE ROD. NAC.-BPB.xlsm
2026-02-12 14:51:49,055 [WARNING] Hoja Auxiliar no encontrada en \\192.168.0.55\utn\REGISTROS\R016-01\R016-01(FABRICAS).xlsm
2026-02-12 14:51:49,167 [INFO] Exportado Auxiliar -> \\BPBSRV03\lcontigiani\Oficina Tecnica\Registro de Control de Producto\Auxiliares\indices_auxiliar\R016-01(INSPECCION CUERPO PPAL DIST CLIC)_Auxiliar.csv
2026-02-12 14:51:49,736 [INFO] Exportado Auxiliar -> \\BPBSRV03\lcontigiani\Oficina Tecnica\Registro de Control de Producto\Auxiliares\indices_auxiliar\R016-01(INSPECCION DE SOPORTES BIPARTIDOS)_Auxiliar.csv
2026-02-12 14:51:50,418 [INFO] Exportado Auxiliar -> \\BPBSRV03\lcontigiani\Oficina Tecnica\Registro de Control de Producto\Auxiliares\indices_auxiliar\R016-01(INSPECCION ROD. DE BOLAS) - Rev 10_Auxiliar.csv
2026-02-12 14:51:51,385 [INFO] Claves encontradas (Global): ['1291', '1040', '0']
2026-02-12 14:51:51,407 [INFO] POs a procesar (Entrantes): ['PO1291']
2026-02-12 15:02:33,459 [INFO] Procesando ÚLTIMO REGISTRO: Registro - R0011 - 2026-02-12
2026-02-12 15:02:33,461 [INFO] Claves de búsqueda: 1
2026-02-12 15:02:33,670 [INFO] Carpeta 'Entrantes' limpiada.
2026-02-12 15:02:33,690 [INFO] Buscando PDFs para 1 POs en \\192.168.0.55\Oficina Tecnica\PLANOS\BPB FACTORY PRINTS ...
2026-02-12 15:02:33,691 [INFO] Modo 'Batch Scan' activado (Indexado Único) para 1 POs...
2026-02-12 15:02:33,692 [INFO] Escaneando directorio de PDFs: \\192.168.0.55\Oficina Tecnica\PLANOS\BPB FACTORY PRINTS
2026-02-12 15:04:19,281 [INFO] Escaneo completado. 12298 PDFs analizados.
2026-02-12 15:04:19,283 [INFO] PO 1291: Seleccionados 11 archivos (de 11 candidatos).
2026-02-12 15:04:19,284 [INFO] Búsqueda completada. POs encontradas: 1
2026-02-12 15:04:20,163 [INFO] Resumen paso 2: 1291: copiados 11
2026-02-12 15:04:22,933 [INFO] Exportado Auxiliar -> \\BPBSRV03\lcontigiani\Oficina Tecnica\Registro de Control de Producto\Auxiliares\indices_auxiliar\R016-01 (INSPECCION DE ENGRANAJES) Rev 2_Auxiliar.csv
2026-02-12 15:04:23,522 [INFO] Exportado Auxiliar -> \\BPBSRV03\lcontigiani\Oficina Tecnica\Registro de Control de Producto\Auxiliares\indices_auxiliar\R016-01 (INSPECCION DE ESPECIALES)_Auxiliar.csv
2026-02-12 15:04:23,998 [WARNING] Hoja Auxiliar no encontrada en \\192.168.0.55\utn\REGISTROS\R016-01\R016-01 (INSPECCION DE MAZAS) - AG59520.xlsm
2026-02-12 15:04:24,622 [INFO] Exportado Auxiliar -> \\BPBSRV03\lcontigiani\Oficina Tecnica\Registro de Control de Producto\Auxiliares\indices_auxiliar\R016-01 (INSPECCION DE SELLOS Y JAULAS)_Auxiliar.csv
2026-02-12 15:04:25,327 [INFO] Exportado Auxiliar -> \\BPBSRV03\lcontigiani\Oficina Tecnica\Registro de Control de Producto\Auxiliares\indices_auxiliar\R016-01 (INSPECCION ROD. AGRICOLA)_Auxiliar.csv
2026-02-12 15:04:25,808 [INFO] Exportado Auxiliar -> \\BPBSRV03\lcontigiani\Oficina Tecnica\Registro de Control de Producto\Auxiliares\indices_auxiliar\R016-01 (INSPECCION ROD. AUTOCENTRANTES)-Rev 11_Auxiliar.csv
2026-02-12 15:04:26,049 [INFO] Exportado Auxiliar -> \\BPBSRV03\lcontigiani\Oficina Tecnica\Registro de Control de Producto\Auxiliares\indices_auxiliar\R016-01 (INSPECCION ROD. CONICOS)-Rev.A_Auxiliar.csv
2026-02-12 15:04:26,366 [INFO] Exportado Auxiliar -> \\BPBSRV03\lcontigiani\Oficina Tecnica\Registro de Control de Producto\Auxiliares\indices_auxiliar\R016-01 (INSPECCION ROD. DE RODILLO)_Auxiliar.csv
2026-02-12 15:04:26,520 [INFO] Exportado Auxiliar -> \\BPBSRV03\lcontigiani\Oficina Tecnica\Registro de Control de Producto\Auxiliares\indices_auxiliar\R016-01 (INSPECCION ROD.RODILLO AGUJA)_Auxiliar.csv
2026-02-12 15:04:26,564 [WARNING] Hoja Auxiliar no encontrada en \\192.168.0.55\utn\REGISTROS\R016-01\R016-01 CONTROL DE RECEPCIÓN DE ROD. NAC.-BPB.xlsm
2026-02-12 15:04:26,619 [WARNING] Hoja Auxiliar no encontrada en \\192.168.0.55\utn\REGISTROS\R016-01\R016-01(FABRICAS).xlsm
2026-02-12 15:04:26,735 [INFO] Exportado Auxiliar -> \\BPBSRV03\lcontigiani\Oficina Tecnica\Registro de Control de Producto\Auxiliares\indices_auxiliar\R016-01(INSPECCION CUERPO PPAL DIST CLIC)_Auxiliar.csv
2026-02-12 15:04:27,329 [INFO] Exportado Auxiliar -> \\BPBSRV03\lcontigiani\Oficina Tecnica\Registro de Control de Producto\Auxiliares\indices_auxiliar\R016-01(INSPECCION DE SOPORTES BIPARTIDOS)_Auxiliar.csv
2026-02-12 15:04:28,015 [INFO] Exportado Auxiliar -> \\BPBSRV03\lcontigiani\Oficina Tecnica\Registro de Control de Producto\Auxiliares\indices_auxiliar\R016-01(INSPECCION ROD. DE BOLAS) - Rev 10_Auxiliar.csv
2026-02-12 15:04:29,049 [INFO] Claves encontradas (Global): ['1291', '1040', '0']
2026-02-12 15:04:29,068 [INFO] POs a procesar (Entrantes): ['PO1291']
2026-02-12 15:04:59,225 [INFO] Generado json para PO1291-1208-TN-C3 - Rev C.pdf en \\BPBSRV03\lcontigiani\Oficina Tecnica\Registro de Control de Producto\P2 - Purchase Order\Entrantes\PO1291 (regen=True, tipo=Bolas)
2026-02-12 15:05:00,822 [INFO] Generado json para PO1291-1206-TN-C3 - Rev.B.pdf en \\BPBSRV03\lcontigiani\Oficina Tecnica\Registro de Control de Producto\P2 - Purchase Order\Entrantes\PO1291 (regen=True, tipo=Bolas)
2026-02-12 15:05:02,588 [INFO] Generado json para PO1291-22211-CW33C3 - Rev C.pdf en \\BPBSRV03\lcontigiani\Oficina Tecnica\Registro de Control de Producto\P2 - Purchase Order\Entrantes\PO1291 (regen=True, tipo=Rodillo)
2026-02-12 15:05:02,644 [INFO] Generado json para PO1291-1209-TN-C3-Rev.E.pdf en \\BPBSRV03\lcontigiani\Oficina Tecnica\Registro de Control de Producto\P2 - Purchase Order\Entrantes\PO1291 (regen=True, tipo=Bolas)
2026-02-12 15:05:02,670 [INFO] Generado json para PO1291-22211-CKW33C3-Rev C.pdf en \\BPBSRV03\lcontigiani\Oficina Tecnica\Registro de Control de Producto\P2 - Purchase Order\Entrantes\PO1291 (regen=True, tipo=Rodillo)
2026-02-12 15:05:03,559 [INFO] Generado json para PO1291-22210-CW33C3 - Rev B.pdf en \\BPBSRV03\lcontigiani\Oficina Tecnica\Registro de Control de Producto\P2 - Purchase Order\Entrantes\PO1291 (regen=True, tipo=Rodillo)
2026-02-12 15:05:04,340 [INFO] Generado json para PO1291-51107- Rev.B.pdf en \\BPBSRV03\lcontigiani\Oficina Tecnica\Registro de Control de Producto\P2 - Purchase Order\Entrantes\PO1291 (regen=True, tipo=Especial)
2026-02-12 15:05:04,718 [INFO] Generado json para PO1291-22213-CW33C3 - Rev B.pdf en \\BPBSRV03\lcontigiani\Oficina Tecnica\Registro de Control de Producto\P2 - Purchase Order\Entrantes\PO1291 (regen=True, tipo=Rodillo)
2026-02-12 15:05:18,886 [INFO] Generado json para PO1291-51118 -Rev A.pdf en \\BPBSRV03\lcontigiani\Oficina Tecnica\Registro de Control de Producto\P2 - Purchase Order\Entrantes\PO1291 (regen=True, tipo=Especial)
2026-02-12 15:05:20,000 [INFO] Generado json para PO1291-51205.pdf en \\BPBSRV03\lcontigiani\Oficina Tecnica\Registro de Control de Producto\P2 - Purchase Order\Entrantes\PO1291 (regen=True, tipo=Especial)
2026-02-12 15:05:22,615 [INFO] Generado json para PO1291-51310-Rev B.pdf en \\BPBSRV03\lcontigiani\Oficina Tecnica\Registro de Control de Producto\P2 - Purchase Order\Entrantes\PO1291 (regen=True, tipo=Especial)
2026-02-12 15:05:22,717 [INFO] CSV generado para PO1291-1206-TN-C3 - Rev.B.pdf (Bolas) en \\BPBSRV03\lcontigiani\Oficina Tecnica\Registro de Control de Producto\P2 - Purchase Order\Entrantes\PO1291\csv\PO1291-1206-TN-C3 - Rev.B.csv
2026-02-12 15:05:22,765 [INFO] CSV generado para PO1291-1208-TN-C3 - Rev C.pdf (Bolas) en \\BPBSRV03\lcontigiani\Oficina Tecnica\Registro de Control de Producto\P2 - Purchase Order\Entrantes\PO1291\csv\PO1291-1208-TN-C3 - Rev C.csv
2026-02-12 15:05:22,804 [INFO] CSV generado para PO1291-1209-TN-C3-Rev.E.pdf (Bolas) en \\BPBSRV03\lcontigiani\Oficina Tecnica\Registro de Control de Producto\P2 - Purchase Order\Entrantes\PO1291\csv\PO1291-1209-TN-C3-Rev.E.csv
2026-02-12 15:05:22,857 [INFO] CSV generado para PO1291-22210-CW33C3 - Rev B.pdf (Rodillo) en \\BPBSRV03\lcontigiani\Oficina Tecnica\Registro de Control de Producto\P2 - Purchase Order\Entrantes\PO1291\csv\PO1291-22210-CW33C3 - Rev B.csv
2026-02-12 15:05:22,915 [INFO] CSV generado para PO1291-22211-CKW33C3-Rev C.pdf (Rodillo) en \\BPBSRV03\lcontigiani\Oficina Tecnica\Registro de Control de Producto\P2 - Purchase Order\Entrantes\PO1291\csv\PO1291-22211-CKW33C3-Rev C.csv
2026-02-12 15:05:22,961 [INFO] CSV generado para PO1291-22211-CW33C3 - Rev C.pdf (Rodillo) en \\BPBSRV03\lcontigiani\Oficina Tecnica\Registro de Control de Producto\P2 - Purchase Order\Entrantes\PO1291\csv\PO1291-22211-CW33C3 - Rev C.csv
2026-02-12 15:05:23,004 [INFO] CSV generado para PO1291-22213-CW33C3 - Rev B.pdf (Rodillo) en \\BPBSRV03\lcontigiani\Oficina Tecnica\Registro de Control de Producto\P2 - Purchase Order\Entrantes\PO1291\csv\PO1291-22213-CW33C3 - Rev B.csv
2026-02-12 15:05:23,050 [INFO] CSV generado para PO1291-51107- Rev.B.pdf (Especial) en \\BPBSRV03\lcontigiani\Oficina Tecnica\Registro de Control de Producto\P2 - Purchase Order\Entrantes\PO1291\csv\PO1291-51107- Rev.B.csv
2026-02-12 15:05:23,085 [INFO] CSV generado para PO1291-51118 -Rev A.pdf (Especial) en \\BPBSRV03\lcontigiani\Oficina Tecnica\Registro de Control de Producto\P2 - Purchase Order\Entrantes\PO1291\csv\PO1291-51118 -Rev A.csv
2026-02-12 15:05:23,122 [INFO] CSV generado para PO1291-51205.pdf (Especial) en \\BPBSRV03\lcontigiani\Oficina Tecnica\Registro de Control de Producto\P2 - Purchase Order\Entrantes\PO1291\csv\PO1291-51205.csv
2026-02-12 15:05:23,163 [INFO] CSV generado para PO1291-51310-Rev B.pdf (Especial) en \\BPBSRV03\lcontigiani\Oficina Tecnica\Registro de Control de Producto\P2 - Purchase Order\Entrantes\PO1291\csv\PO1291-51310-Rev B.csv
2026-02-12 15:05:23,205 [INFO] PO MOVIDA A FINAL: \\BPBSRV03\lcontigiani\Oficina Tecnica\Registro de Control de Producto\P2 - Purchase Order\Entrantes\PO1291 -> \\BPBSRV03\lcontigiani\Oficina Tecnica\Registro de Control de Producto\P2 - Purchase Order\En Progreso\PO1291
2026-02-13 08:41:53,877 [INFO] Procesando ÚLTIMO REGISTRO: Registro - R0012 - 2026-02-13
2026-02-13 08:41:53,878 [INFO] Claves de búsqueda: 1
2026-02-13 08:41:53,898 [INFO] Carpeta 'Entrantes' limpiada.
2026-02-13 08:41:53,916 [INFO] Buscando PDFs para 1 POs en \\192.168.0.55\Oficina Tecnica\PLANOS\BPB FACTORY PRINTS ...
2026-02-13 08:41:53,917 [INFO] Modo 'Batch Scan' activado (Indexado Único) para 1 POs...
2026-02-13 08:41:53,918 [INFO] Escaneando directorio de PDFs: \\192.168.0.55\Oficina Tecnica\PLANOS\BPB FACTORY PRINTS
2026-02-13 08:45:45,796 [INFO] Escaneo completado. 12298 PDFs analizados.
2026-02-13 08:45:45,797 [INFO] PO 1291: Seleccionados 11 archivos (de 11 candidatos).
2026-02-13 08:45:45,798 [INFO] Búsqueda completada. POs encontradas: 1
2026-02-13 08:45:47,330 [INFO] Resumen paso 2: 1291: copiados 11
2026-02-13 08:45:51,657 [INFO] Exportado Auxiliar -> \\BPBSRV03\lcontigiani\Oficina Tecnica\Registro de Control de Producto\Auxiliares\indices_auxiliar\R016-01 (INSPECCION DE ENGRANAJES) Rev 2_Auxiliar.csv
2026-02-13 08:45:52,315 [INFO] Exportado Auxiliar -> \\BPBSRV03\lcontigiani\Oficina Tecnica\Registro de Control de Producto\Auxiliares\indices_auxiliar\R016-01 (INSPECCION DE ESPECIALES)_Auxiliar.csv
2026-02-13 08:45:52,915 [WARNING] Hoja Auxiliar no encontrada en \\192.168.0.55\utn\REGISTROS\R016-01\R016-01 (INSPECCION DE MAZAS) - AG59520.xlsm
2026-02-13 08:45:53,689 [INFO] Exportado Auxiliar -> \\BPBSRV03\lcontigiani\Oficina Tecnica\Registro de Control de Producto\Auxiliares\indices_auxiliar\R016-01 (INSPECCION DE SELLOS Y JAULAS)_Auxiliar.csv
2026-02-13 08:45:54,364 [INFO] Exportado Auxiliar -> \\BPBSRV03\lcontigiani\Oficina Tecnica\Registro de Control de Producto\Auxiliares\indices_auxiliar\R016-01 (INSPECCION ROD. AGRICOLA)_Auxiliar.csv
2026-02-13 08:45:54,884 [INFO] Exportado Auxiliar -> \\BPBSRV03\lcontigiani\Oficina Tecnica\Registro de Control de Producto\Auxiliares\indices_auxiliar\R016-01 (INSPECCION ROD. AUTOCENTRANTES)-Rev 11_Auxiliar.csv
2026-02-13 08:45:55,069 [INFO] Exportado Auxiliar -> \\BPBSRV03\lcontigiani\Oficina Tecnica\Registro de Control de Producto\Auxiliares\indices_auxiliar\R016-01 (INSPECCION ROD. CONICOS)-Rev.A_Auxiliar.csv
2026-02-13 08:45:55,398 [INFO] Exportado Auxiliar -> \\BPBSRV03\lcontigiani\Oficina Tecnica\Registro de Control de Producto\Auxiliares\indices_auxiliar\R016-01 (INSPECCION ROD. DE RODILLO)_Auxiliar.csv
2026-02-13 08:45:55,556 [INFO] Exportado Auxiliar -> \\BPBSRV03\lcontigiani\Oficina Tecnica\Registro de Control de Producto\Auxiliares\indices_auxiliar\R016-01 (INSPECCION ROD.RODILLO AGUJA)_Auxiliar.csv
2026-02-13 08:45:55,641 [WARNING] Hoja Auxiliar no encontrada en \\192.168.0.55\utn\REGISTROS\R016-01\R016-01 CONTROL DE RECEPCIÓN DE ROD. NAC.-BPB.xlsm
2026-02-13 08:45:55,750 [WARNING] Hoja Auxiliar no encontrada en \\192.168.0.55\utn\REGISTROS\R016-01\R016-01(FABRICAS).xlsm
2026-02-13 08:45:55,898 [INFO] Exportado Auxiliar -> \\BPBSRV03\lcontigiani\Oficina Tecnica\Registro de Control de Producto\Auxiliares\indices_auxiliar\R016-01(INSPECCION CUERPO PPAL DIST CLIC)_Auxiliar.csv
2026-02-13 08:45:56,643 [INFO] Exportado Auxiliar -> \\BPBSRV03\lcontigiani\Oficina Tecnica\Registro de Control de Producto\Auxiliares\indices_auxiliar\R016-01(INSPECCION DE SOPORTES BIPARTIDOS)_Auxiliar.csv
2026-02-13 08:45:57,346 [INFO] Exportado Auxiliar -> \\BPBSRV03\lcontigiani\Oficina Tecnica\Registro de Control de Producto\Auxiliares\indices_auxiliar\R016-01(INSPECCION ROD. DE BOLAS) - Rev 10_Auxiliar.csv
2026-02-13 08:45:58,273 [INFO] Claves encontradas (Global): ['1291', '1040', '0']
2026-02-13 08:45:58,290 [INFO] POs a procesar (Entrantes): ['PO1291']
2026-02-13 08:56:18,340 [INFO] Exportado Auxiliar -> \\BPBSRV03\lcontigiani\Oficina Tecnica\Registro de Control de Producto\Auxiliares\indices_auxiliar\R016-01 (INSPECCION DE ENGRANAJES) Rev 2_Auxiliar.csv
2026-02-13 08:56:18,788 [INFO] Exportado Auxiliar -> \\BPBSRV03\lcontigiani\Oficina Tecnica\Registro de Control de Producto\Auxiliares\indices_auxiliar\R016-01 (INSPECCION DE ESPECIALES)_Auxiliar.csv
2026-02-13 08:56:19,222 [WARNING] Hoja Auxiliar no encontrada en \\192.168.0.55\utn\REGISTROS\R016-01\R016-01 (INSPECCION DE MAZAS) - AG59520.xlsm
2026-02-13 08:56:19,626 [INFO] Exportado Auxiliar -> \\BPBSRV03\lcontigiani\Oficina Tecnica\Registro de Control de Producto\Auxiliares\indices_auxiliar\R016-01 (INSPECCION DE SELLOS Y JAULAS)_Auxiliar.csv
2026-02-13 08:56:20,080 [INFO] Exportado Auxiliar -> \\BPBSRV03\lcontigiani\Oficina Tecnica\Registro de Control de Producto\Auxiliares\indices_auxiliar\R016-01 (INSPECCION ROD. AGRICOLA)_Auxiliar.csv
2026-02-13 08:56:20,334 [INFO] Exportado Auxiliar -> \\BPBSRV03\lcontigiani\Oficina Tecnica\Registro de Control de Producto\Auxiliares\indices_auxiliar\R016-01 (INSPECCION ROD. AUTOCENTRANTES)-Rev 11_Auxiliar.csv
2026-02-13 08:56:20,546 [INFO] Exportado Auxiliar -> \\BPBSRV03\lcontigiani\Oficina Tecnica\Registro de Control de Producto\Auxiliares\indices_auxiliar\R016-01 (INSPECCION ROD. CONICOS)-Rev.A_Auxiliar.csv
2026-02-13 08:56:20,654 [INFO] Exportado Auxiliar -> \\BPBSRV03\lcontigiani\Oficina Tecnica\Registro de Control de Producto\Auxiliares\indices_auxiliar\R016-01 (INSPECCION ROD. DE RODILLO)_Auxiliar.csv
2026-02-13 08:56:20,834 [INFO] Exportado Auxiliar -> \\BPBSRV03\lcontigiani\Oficina Tecnica\Registro de Control de Producto\Auxiliares\indices_auxiliar\R016-01 (INSPECCION ROD.RODILLO AGUJA)_Auxiliar.csv
2026-02-13 08:56:20,874 [WARNING] Hoja Auxiliar no encontrada en \\192.168.0.55\utn\REGISTROS\R016-01\R016-01 CONTROL DE RECEPCIÓN DE ROD. NAC.-BPB.xlsm
2026-02-13 08:56:20,905 [WARNING] Hoja Auxiliar no encontrada en \\192.168.0.55\utn\REGISTROS\R016-01\R016-01(FABRICAS).xlsm
2026-02-13 08:56:21,018 [INFO] Exportado Auxiliar -> \\BPBSRV03\lcontigiani\Oficina Tecnica\Registro de Control de Producto\Auxiliares\indices_auxiliar\R016-01(INSPECCION CUERPO PPAL DIST CLIC)_Auxiliar.csv
2026-02-13 08:56:21,936 [INFO] Exportado Auxiliar -> \\BPBSRV03\lcontigiani\Oficina Tecnica\Registro de Control de Producto\Auxiliares\indices_auxiliar\R016-01(INSPECCION DE SOPORTES BIPARTIDOS)_Auxiliar.csv
2026-02-13 08:56:22,954 [INFO] Exportado Auxiliar -> \\BPBSRV03\lcontigiani\Oficina Tecnica\Registro de Control de Producto\Auxiliares\indices_auxiliar\R016-01(INSPECCION ROD. DE BOLAS) - Rev 10_Auxiliar.csv
2026-02-13 08:56:23,661 [INFO] Claves encontradas (Global): ['1291', '1040', '0']
2026-02-13 08:56:23,664 [INFO] POs a procesar (Entrantes): ['PO1291']
2026-02-13 08:56:33,783 [INFO] Exportado Auxiliar -> \\BPBSRV03\lcontigiani\Oficina Tecnica\Registro de Control de Producto\Auxiliares\indices_auxiliar\R016-01 (INSPECCION DE ENGRANAJES) Rev 2_Auxiliar.csv
2026-02-13 08:56:34,236 [INFO] Exportado Auxiliar -> \\BPBSRV03\lcontigiani\Oficina Tecnica\Registro de Control de Producto\Auxiliares\indices_auxiliar\R016-01 (INSPECCION DE ESPECIALES)_Auxiliar.csv
2026-02-13 08:56:34,529 [WARNING] Hoja Auxiliar no encontrada en \\192.168.0.55\utn\REGISTROS\R016-01\R016-01 (INSPECCION DE MAZAS) - AG59520.xlsm
2026-02-13 08:56:34,886 [INFO] Exportado Auxiliar -> \\BPBSRV03\lcontigiani\Oficina Tecnica\Registro de Control de Producto\Auxiliares\indices_auxiliar\R016-01 (INSPECCION DE SELLOS Y JAULAS)_Auxiliar.csv
2026-02-13 08:56:35,291 [INFO] Exportado Auxiliar -> \\BPBSRV03\lcontigiani\Oficina Tecnica\Registro de Control de Producto\Auxiliares\indices_auxiliar\R016-01 (INSPECCION ROD. AGRICOLA)_Auxiliar.csv
2026-02-13 08:56:35,523 [INFO] Exportado Auxiliar -> \\BPBSRV03\lcontigiani\Oficina Tecnica\Registro de Control de Producto\Auxiliares\indices_auxiliar\R016-01 (INSPECCION ROD. AUTOCENTRANTES)-Rev 11_Auxiliar.csv
2026-02-13 08:56:35,722 [INFO] Exportado Auxiliar -> \\BPBSRV03\lcontigiani\Oficina Tecnica\Registro de Control de Producto\Auxiliares\indices_auxiliar\R016-01 (INSPECCION ROD. CONICOS)-Rev.A_Auxiliar.csv
2026-02-13 08:56:35,834 [INFO] Exportado Auxiliar -> \\BPBSRV03\lcontigiani\Oficina Tecnica\Registro de Control de Producto\Auxiliares\indices_auxiliar\R016-01 (INSPECCION ROD. DE RODILLO)_Auxiliar.csv
2026-02-13 08:56:36,041 [INFO] Exportado Auxiliar -> \\BPBSRV03\lcontigiani\Oficina Tecnica\Registro de Control de Producto\Auxiliares\indices_auxiliar\R016-01 (INSPECCION ROD.RODILLO AGUJA)_Auxiliar.csv
2026-02-13 08:56:36,064 [WARNING] Hoja Auxiliar no encontrada en \\192.168.0.55\utn\REGISTROS\R016-01\R016-01 CONTROL DE RECEPCIÓN DE ROD. NAC.-BPB.xlsm
2026-02-13 08:56:36,091 [WARNING] Hoja Auxiliar no encontrada en \\192.168.0.55\utn\REGISTROS\R016-01\R016-01(FABRICAS).xlsm
2026-02-13 08:56:36,192 [INFO] Exportado Auxiliar -> \\BPBSRV03\lcontigiani\Oficina Tecnica\Registro de Control de Producto\Auxiliares\indices_auxiliar\R016-01(INSPECCION CUERPO PPAL DIST CLIC)_Auxiliar.csv
2026-02-13 08:56:37,109 [INFO] Exportado Auxiliar -> \\BPBSRV03\lcontigiani\Oficina Tecnica\Registro de Control de Producto\Auxiliares\indices_auxiliar\R016-01(INSPECCION DE SOPORTES BIPARTIDOS)_Auxiliar.csv
2026-02-13 08:56:38,146 [INFO] Exportado Auxiliar -> \\BPBSRV03\lcontigiani\Oficina Tecnica\Registro de Control de Producto\Auxiliares\indices_auxiliar\R016-01(INSPECCION ROD. DE BOLAS) - Rev 10_Auxiliar.csv
2026-02-13 08:56:38,863 [INFO] Claves encontradas (Global): ['1291', '1040', '0']
2026-02-13 08:56:38,867 [INFO] POs a procesar (Entrantes): ['PO1291']
2026-02-13 08:57:03,582 [INFO] Generado json para PO1291-1206-TN-C3 - Rev.B.pdf en \\BPBSRV03\lcontigiani\Oficina Tecnica\Registro de Control de Producto\P2 - Purchase Order\Entrantes\PO1291 (regen=True, tipo=Bolas)
2026-02-13 08:57:05,558 [INFO] Generado json para PO1291-51107- Rev.B.pdf en \\BPBSRV03\lcontigiani\Oficina Tecnica\Registro de Control de Producto\P2 - Purchase Order\Entrantes\PO1291 (regen=True, tipo=Especial)
2026-02-13 08:57:05,569 [INFO] Generado json para PO1291-22211-CW33C3 - Rev C.pdf en \\BPBSRV03\lcontigiani\Oficina Tecnica\Registro de Control de Producto\P2 - Purchase Order\Entrantes\PO1291 (regen=True, tipo=Rodillo)
2026-02-13 08:57:05,830 [INFO] Generado json para PO1291-1208-TN-C3 - Rev C.pdf en \\BPBSRV03\lcontigiani\Oficina Tecnica\Registro de Control de Producto\P2 - Purchase Order\Entrantes\PO1291 (regen=True, tipo=Bolas)
2026-02-13 08:57:08,602 [INFO] Generado json para PO1291-1209-TN-C3-Rev.E.pdf en \\BPBSRV03\lcontigiani\Oficina Tecnica\Registro de Control de Producto\P2 - Purchase Order\Entrantes\PO1291 (regen=True, tipo=Bolas)
2026-02-13 08:57:09,867 [INFO] Generado json para PO1291-22211-CKW33C3-Rev C.pdf en \\BPBSRV03\lcontigiani\Oficina Tecnica\Registro de Control de Producto\P2 - Purchase Order\Entrantes\PO1291 (regen=True, tipo=Rodillo)
2026-02-13 08:57:12,169 [INFO] Generado json para PO1291-22213-CW33C3 - Rev B.pdf en \\BPBSRV03\lcontigiani\Oficina Tecnica\Registro de Control de Producto\P2 - Purchase Order\Entrantes\PO1291 (regen=True, tipo=Rodillo)
2026-02-13 08:57:13,819 [INFO] Generado json para PO1291-22210-CW33C3 - Rev B.pdf en \\BPBSRV03\lcontigiani\Oficina Tecnica\Registro de Control de Producto\P2 - Purchase Order\Entrantes\PO1291 (regen=True, tipo=Rodillo)
2026-02-13 08:57:23,526 [INFO] Generado json para PO1291-51310-Rev B.pdf en \\BPBSRV03\lcontigiani\Oficina Tecnica\Registro de Control de Producto\P2 - Purchase Order\Entrantes\PO1291 (regen=True, tipo=Especial)
2026-02-13 08:57:26,665 [INFO] Generado json para PO1291-51118 -Rev A.pdf en \\BPBSRV03\lcontigiani\Oficina Tecnica\Registro de Control de Producto\P2 - Purchase Order\Entrantes\PO1291 (regen=True, tipo=Especial)
2026-02-13 08:57:32,737 [INFO] Generado json para PO1291-51205.pdf en \\BPBSRV03\lcontigiani\Oficina Tecnica\Registro de Control de Producto\P2 - Purchase Order\Entrantes\PO1291 (regen=True, tipo=Especial)
2026-02-13 08:57:34,808 [INFO] CSV generado para PO1291-1206-TN-C3 - Rev.B.pdf (Bolas) en \\BPBSRV03\lcontigiani\Oficina Tecnica\Registro de Control de Producto\P2 - Purchase Order\Entrantes\PO1291\csv\PO1291-1206-TN-C3 - Rev.B.csv
2026-02-13 08:57:34,851 [INFO] CSV generado para PO1291-1208-TN-C3 - Rev C.pdf (Bolas) en \\BPBSRV03\lcontigiani\Oficina Tecnica\Registro de Control de Producto\P2 - Purchase Order\Entrantes\PO1291\csv\PO1291-1208-TN-C3 - Rev C.csv
2026-02-13 08:57:34,890 [INFO] CSV generado para PO1291-1209-TN-C3-Rev.E.pdf (Bolas) en \\BPBSRV03\lcontigiani\Oficina Tecnica\Registro de Control de Producto\P2 - Purchase Order\Entrantes\PO1291\csv\PO1291-1209-TN-C3-Rev.E.csv
2026-02-13 08:57:34,962 [INFO] CSV generado para PO1291-22210-CW33C3 - Rev B.pdf (Rodillo) en \\BPBSRV03\lcontigiani\Oficina Tecnica\Registro de Control de Producto\P2 - Purchase Order\Entrantes\PO1291\csv\PO1291-22210-CW33C3 - Rev B.csv
2026-02-13 08:57:35,002 [INFO] CSV generado para PO1291-22211-CKW33C3-Rev C.pdf (Rodillo) en \\BPBSRV03\lcontigiani\Oficina Tecnica\Registro de Control de Producto\P2 - Purchase Order\Entrantes\PO1291\csv\PO1291-22211-CKW33C3-Rev C.csv
2026-02-13 08:57:35,038 [INFO] CSV generado para PO1291-22211-CW33C3 - Rev C.pdf (Rodillo) en \\BPBSRV03\lcontigiani\Oficina Tecnica\Registro de Control de Producto\P2 - Purchase Order\Entrantes\PO1291\csv\PO1291-22211-CW33C3 - Rev C.csv
2026-02-13 08:57:35,074 [INFO] CSV generado para PO1291-22213-CW33C3 - Rev B.pdf (Rodillo) en \\BPBSRV03\lcontigiani\Oficina Tecnica\Registro de Control de Producto\P2 - Purchase Order\Entrantes\PO1291\csv\PO1291-22213-CW33C3 - Rev B.csv
2026-02-13 08:57:35,110 [INFO] CSV generado para PO1291-51107- Rev.B.pdf (Especial) en \\BPBSRV03\lcontigiani\Oficina Tecnica\Registro de Control de Producto\P2 - Purchase Order\Entrantes\PO1291\csv\PO1291-51107- Rev.B.csv
2026-02-13 08:57:35,146 [INFO] CSV generado para PO1291-51118 -Rev A.pdf (Especial) en \\BPBSRV03\lcontigiani\Oficina Tecnica\Registro de Control de Producto\P2 - Purchase Order\Entrantes\PO1291\csv\PO1291-51118 -Rev A.csv
2026-02-13 08:57:35,182 [INFO] CSV generado para PO1291-51205.pdf (Especial) en \\BPBSRV03\lcontigiani\Oficina Tecnica\Registro de Control de Producto\P2 - Purchase Order\Entrantes\PO1291\csv\PO1291-51205.csv
2026-02-13 08:57:35,221 [INFO] CSV generado para PO1291-51310-Rev B.pdf (Especial) en \\BPBSRV03\lcontigiani\Oficina Tecnica\Registro de Control de Producto\P2 - Purchase Order\Entrantes\PO1291\csv\PO1291-51310-Rev B.csv
2026-02-13 08:57:35,274 [INFO] PO MOVIDA A FINAL: \\BPBSRV03\lcontigiani\Oficina Tecnica\Registro de Control de Producto\P2 - Purchase Order\Entrantes\PO1291 -> \\BPBSRV03\lcontigiani\Oficina Tecnica\Registro de Control de Producto\P2 - Purchase Order\En Progreso\PO1291
2026-02-13 09:13:03,035 [INFO] Procesando ÚLTIMO REGISTRO: Registro - R0013 - 2026-02-13
2026-02-13 09:13:03,036 [INFO] Claves de búsqueda: 1
2026-02-13 09:13:03,057 [INFO] Carpeta 'Entrantes' limpiada.
2026-02-13 09:13:03,078 [INFO] Buscando PDFs para 1 POs en \\192.168.0.55\Oficina Tecnica\PLANOS\BPB FACTORY PRINTS ...
2026-02-13 09:13:03,078 [INFO] Modo 'Batch Scan' activado (Indexado Único) para 1 POs...
2026-02-13 09:13:03,079 [INFO] Escaneando directorio de PDFs: \\192.168.0.55\Oficina Tecnica\PLANOS\BPB FACTORY PRINTS
2026-02-13 09:14:23,495 [INFO] Escaneo completado. 12299 PDFs analizados.
2026-02-13 09:14:23,497 [INFO] PO 1291: Seleccionados 11 archivos (de 11 candidatos).
2026-02-13 09:14:23,498 [INFO] Búsqueda completada. POs encontradas: 1
2026-02-13 09:14:24,194 [INFO] Resumen paso 2: 1291: copiados 11
2026-02-13 09:14:25,640 [INFO] Faulthandler habilitado en \\BPBSRV03\lcontigiani\Oficina Tecnica\Registro de Control de Producto\Codigos\step3_fault.log
2026-02-13 09:14:26,300 [INFO] Exportado Auxiliar -> \\BPBSRV03\lcontigiani\Oficina Tecnica\Registro de Control de Producto\Auxiliares\indices_auxiliar\R016-01 (INSPECCION DE ENGRANAJES) Rev 2_Auxiliar.csv
2026-02-13 09:14:26,877 [INFO] Exportado Auxiliar -> \\BPBSRV03\lcontigiani\Oficina Tecnica\Registro de Control de Producto\Auxiliares\indices_auxiliar\R016-01 (INSPECCION DE ESPECIALES)_Auxiliar.csv
2026-02-13 09:14:27,358 [WARNING] Hoja Auxiliar no encontrada en \\192.168.0.55\utn\REGISTROS\R016-01\R016-01 (INSPECCION DE MAZAS) - AG59520.xlsm
2026-02-13 09:14:27,885 [INFO] Exportado Auxiliar -> \\BPBSRV03\lcontigiani\Oficina Tecnica\Registro de Control de Producto\Auxiliares\indices_auxiliar\R016-01 (INSPECCION DE SELLOS Y JAULAS)_Auxiliar.csv
2026-02-13 09:14:28,436 [INFO] Exportado Auxiliar -> \\BPBSRV03\lcontigiani\Oficina Tecnica\Registro de Control de Producto\Auxiliares\indices_auxiliar\R016-01 (INSPECCION ROD. AGRICOLA)_Auxiliar.csv
2026-02-13 09:14:28,767 [INFO] Exportado Auxiliar -> \\BPBSRV03\lcontigiani\Oficina Tecnica\Registro de Control de Producto\Auxiliares\indices_auxiliar\R016-01 (INSPECCION ROD. AUTOCENTRANTES)-Rev 11_Auxiliar.csv
2026-02-13 09:14:28,940 [INFO] Exportado Auxiliar -> \\BPBSRV03\lcontigiani\Oficina Tecnica\Registro de Control de Producto\Auxiliares\indices_auxiliar\R016-01 (INSPECCION ROD. CONICOS)-Rev.A_Auxiliar.csv
2026-02-13 09:14:29,184 [INFO] Exportado Auxiliar -> \\BPBSRV03\lcontigiani\Oficina Tecnica\Registro de Control de Producto\Auxiliares\indices_auxiliar\R016-01 (INSPECCION ROD. DE RODILLO)_Auxiliar.csv
2026-02-13 09:14:29,335 [INFO] Exportado Auxiliar -> \\BPBSRV03\lcontigiani\Oficina Tecnica\Registro de Control de Producto\Auxiliares\indices_auxiliar\R016-01 (INSPECCION ROD.RODILLO AGUJA)_Auxiliar.csv
2026-02-13 09:14:29,374 [WARNING] Hoja Auxiliar no encontrada en \\192.168.0.55\utn\REGISTROS\R016-01\R016-01 CONTROL DE RECEPCIÓN DE ROD. NAC.-BPB.xlsm
2026-02-13 09:14:29,419 [WARNING] Hoja Auxiliar no encontrada en \\192.168.0.55\utn\REGISTROS\R016-01\R016-01(FABRICAS).xlsm
2026-02-13 09:14:29,513 [INFO] Exportado Auxiliar -> \\BPBSRV03\lcontigiani\Oficina Tecnica\Registro de Control de Producto\Auxiliares\indices_auxiliar\R016-01(INSPECCION CUERPO PPAL DIST CLIC)_Auxiliar.csv
2026-02-13 09:14:30,049 [INFO] Exportado Auxiliar -> \\BPBSRV03\lcontigiani\Oficina Tecnica\Registro de Control de Producto\Auxiliares\indices_auxiliar\R016-01(INSPECCION DE SOPORTES BIPARTIDOS)_Auxiliar.csv
2026-02-13 09:14:30,648 [INFO] Exportado Auxiliar -> \\BPBSRV03\lcontigiani\Oficina Tecnica\Registro de Control de Producto\Auxiliares\indices_auxiliar\R016-01(INSPECCION ROD. DE BOLAS) - Rev 10_Auxiliar.csv
2026-02-13 09:14:31,488 [INFO] Claves encontradas (Global): ['1291', '1040', '0']
2026-02-13 09:14:31,500 [INFO] POs a procesar (Entrantes): ['PO1291']
2026-02-13 09:14:31,523 [INFO] Step 3 usando max_workers=4
2026-02-13 09:14:56,694 [INFO] Generado json para PO1291-1206-TN-C3 - Rev.B.pdf en \\BPBSRV03\lcontigiani\Oficina Tecnica\Registro de Control de Producto\P2 - Purchase Order\Entrantes\PO1291 (regen=True, tipo=Bolas)
2026-02-13 09:14:58,637 [INFO] Generado json para PO1291-1208-TN-C3 - Rev C.pdf en \\BPBSRV03\lcontigiani\Oficina Tecnica\Registro de Control de Producto\P2 - Purchase Order\Entrantes\PO1291 (regen=True, tipo=Bolas)
2026-02-13 09:14:58,962 [INFO] Generado json para PO1291-1209-TN-C3-Rev.E.pdf en \\BPBSRV03\lcontigiani\Oficina Tecnica\Registro de Control de Producto\P2 - Purchase Order\Entrantes\PO1291 (regen=True, tipo=Bolas)
2026-02-13 09:15:01,081 [INFO] Generado json para PO1291-22210-CW33C3 - Rev B.pdf en \\BPBSRV03\lcontigiani\Oficina Tecnica\Registro de Control de Producto\P2 - Purchase Order\Entrantes\PO1291 (regen=True, tipo=Rodillo)
2026-02-13 09:15:12,842 [INFO] Generado json para PO1291-22211-CKW33C3-Rev C.pdf en \\BPBSRV03\lcontigiani\Oficina Tecnica\Registro de Control de Producto\P2 - Purchase Order\Entrantes\PO1291 (regen=True, tipo=Rodillo)
2026-02-13 09:15:16,619 [INFO] Generado json para PO1291-22211-CW33C3 - Rev C.pdf en \\BPBSRV03\lcontigiani\Oficina Tecnica\Registro de Control de Producto\P2 - Purchase Order\Entrantes\PO1291 (regen=True, tipo=Rodillo)
2026-02-13 09:15:18,254 [INFO] Generado json para PO1291-22213-CW33C3 - Rev B.pdf en \\BPBSRV03\lcontigiani\Oficina Tecnica\Registro de Control de Producto\P2 - Purchase Order\Entrantes\PO1291 (regen=True, tipo=Rodillo)
2026-02-13 09:15:19,201 [INFO] Generado json para PO1291-51107- Rev.B.pdf en \\BPBSRV03\lcontigiani\Oficina Tecnica\Registro de Control de Producto\P2 - Purchase Order\Entrantes\PO1291 (regen=True, tipo=Especial)
2026-02-13 09:15:33,920 [INFO] Generado json para PO1291-51205.pdf en \\BPBSRV03\lcontigiani\Oficina Tecnica\Registro de Control de Producto\P2 - Purchase Order\Entrantes\PO1291 (regen=True, tipo=Especial)
2026-02-13 09:15:36,294 [INFO] Generado json para PO1291-51118 -Rev A.pdf en \\BPBSRV03\lcontigiani\Oficina Tecnica\Registro de Control de Producto\P2 - Purchase Order\Entrantes\PO1291 (regen=True, tipo=Especial)
2026-02-13 09:15:39,433 [INFO] Generado json para PO1291-51310-Rev B.pdf en \\BPBSRV03\lcontigiani\Oficina Tecnica\Registro de Control de Producto\P2 - Purchase Order\Entrantes\PO1291 (regen=True, tipo=Especial)
2026-02-13 09:15:40,931 [INFO] CSV generado para PO1291-1206-TN-C3 - Rev.B.pdf (Bolas) en \\BPBSRV03\lcontigiani\Oficina Tecnica\Registro de Control de Producto\P2 - Purchase Order\Entrantes\PO1291\csv\PO1291-1206-TN-C3 - Rev.B.csv
2026-02-13 09:15:41,005 [INFO] CSV generado para PO1291-1208-TN-C3 - Rev C.pdf (Bolas) en \\BPBSRV03\lcontigiani\Oficina Tecnica\Registro de Control de Producto\P2 - Purchase Order\Entrantes\PO1291\csv\PO1291-1208-TN-C3 - Rev C.csv
2026-02-13 09:15:41,067 [INFO] CSV generado para PO1291-1209-TN-C3-Rev.E.pdf (Bolas) en \\BPBSRV03\lcontigiani\Oficina Tecnica\Registro de Control de Producto\P2 - Purchase Order\Entrantes\PO1291\csv\PO1291-1209-TN-C3-Rev.E.csv
2026-02-13 09:15:41,124 [INFO] CSV generado para PO1291-22210-CW33C3 - Rev B.pdf (Rodillo) en \\BPBSRV03\lcontigiani\Oficina Tecnica\Registro de Control de Producto\P2 - Purchase Order\Entrantes\PO1291\csv\PO1291-22210-CW33C3 - Rev B.csv
2026-02-13 09:15:41,179 [INFO] CSV generado para PO1291-22211-CKW33C3-Rev C.pdf (Rodillo) en \\BPBSRV03\lcontigiani\Oficina Tecnica\Registro de Control de Producto\P2 - Purchase Order\Entrantes\PO1291\csv\PO1291-22211-CKW33C3-Rev C.csv
2026-02-13 09:15:41,252 [INFO] CSV generado para PO1291-22211-CW33C3 - Rev C.pdf (Rodillo) en \\BPBSRV03\lcontigiani\Oficina Tecnica\Registro de Control de Producto\P2 - Purchase Order\Entrantes\PO1291\csv\PO1291-22211-CW33C3 - Rev C.csv
2026-02-13 09:15:41,335 [INFO] CSV generado para PO1291-22213-CW33C3 - Rev B.pdf (Rodillo) en \\BPBSRV03\lcontigiani\Oficina Tecnica\Registro de Control de Producto\P2 - Purchase Order\Entrantes\PO1291\csv\PO1291-22213-CW33C3 - Rev B.csv
2026-02-13 09:15:41,399 [INFO] CSV generado para PO1291-51107- Rev.B.pdf (Especial) en \\BPBSRV03\lcontigiani\Oficina Tecnica\Registro de Control de Producto\P2 - Purchase Order\Entrantes\PO1291\csv\PO1291-51107- Rev.B.csv
2026-02-13 09:15:41,460 [INFO] CSV generado para PO1291-51118 -Rev A.pdf (Especial) en \\BPBSRV03\lcontigiani\Oficina Tecnica\Registro de Control de Producto\P2 - Purchase Order\Entrantes\PO1291\csv\PO1291-51118 -Rev A.csv
2026-02-13 09:15:41,511 [INFO] CSV generado para PO1291-51205.pdf (Especial) en \\BPBSRV03\lcontigiani\Oficina Tecnica\Registro de Control de Producto\P2 - Purchase Order\Entrantes\PO1291\csv\PO1291-51205.csv
2026-02-13 09:15:41,569 [INFO] CSV generado para PO1291-51310-Rev B.pdf (Especial) en \\BPBSRV03\lcontigiani\Oficina Tecnica\Registro de Control de Producto\P2 - Purchase Order\Entrantes\PO1291\csv\PO1291-51310-Rev B.csv
2026-02-13 09:15:41,637 [INFO] PO MOVIDA A FINAL: \\BPBSRV03\lcontigiani\Oficina Tecnica\Registro de Control de Producto\P2 - Purchase Order\Entrantes\PO1291 -> \\BPBSRV03\lcontigiani\Oficina Tecnica\Registro de Control de Producto\P2 - Purchase Order\En Progreso\PO1291
2026-02-13 10:11:44,345 [INFO] Procesando ÚLTIMO REGISTRO: Registro - R0014 - 2026-02-13
2026-02-13 10:11:44,346 [INFO] Claves de búsqueda: 1
2026-02-13 10:11:44,367 [INFO] Carpeta 'Entrantes' limpiada.
2026-02-13 10:11:44,386 [INFO] Buscando PDFs para 1 POs en \\192.168.0.55\Oficina Tecnica\PLANOS\BPB FACTORY PRINTS ...
2026-02-13 10:11:44,387 [INFO] Modo 'Batch Scan' activado (Indexado Único) para 1 POs...
2026-02-13 10:11:44,388 [INFO] Escaneando directorio de PDFs: \\192.168.0.55\Oficina Tecnica\PLANOS\BPB FACTORY PRINTS
2026-02-13 10:13:19,536 [INFO] Escaneo completado. 12301 PDFs analizados.
2026-02-13 10:13:19,539 [INFO] PO 1291: Seleccionados 11 archivos (de 11 candidatos).
2026-02-13 10:13:19,540 [INFO] Búsqueda completada. POs encontradas: 1
2026-02-13 10:13:20,419 [INFO] Resumen paso 2: 1291: copiados 11
2026-02-13 10:13:22,539 [INFO] Faulthandler habilitado en \\BPBSRV03\lcontigiani\Oficina Tecnica\Registro de Control de Producto\Codigos\step3_fault.log
2026-02-13 10:13:23,197 [INFO] Exportado Auxiliar -> \\BPBSRV03\lcontigiani\Oficina Tecnica\Registro de Control de Producto\Auxiliares\indices_auxiliar\R016-01 (INSPECCION DE ENGRANAJES) Rev 2_Auxiliar.csv
2026-02-13 10:13:23,790 [INFO] Exportado Auxiliar -> \\BPBSRV03\lcontigiani\Oficina Tecnica\Registro de Control de Producto\Auxiliares\indices_auxiliar\R016-01 (INSPECCION DE ESPECIALES)_Auxiliar.csv
2026-02-13 10:13:24,263 [WARNING] Hoja Auxiliar no encontrada en \\192.168.0.55\utn\REGISTROS\R016-01\R016-01 (INSPECCION DE MAZAS) - AG59520.xlsm
2026-02-13 10:13:24,792 [INFO] Exportado Auxiliar -> \\BPBSRV03\lcontigiani\Oficina Tecnica\Registro de Control de Producto\Auxiliares\indices_auxiliar\R016-01 (INSPECCION DE SELLOS Y JAULAS)_Auxiliar.csv
2026-02-13 10:13:25,348 [INFO] Exportado Auxiliar -> \\BPBSRV03\lcontigiani\Oficina Tecnica\Registro de Control de Producto\Auxiliares\indices_auxiliar\R016-01 (INSPECCION ROD. AGRICOLA)_Auxiliar.csv
2026-02-13 10:13:25,681 [INFO] Exportado Auxiliar -> \\BPBSRV03\lcontigiani\Oficina Tecnica\Registro de Control de Producto\Auxiliares\indices_auxiliar\R016-01 (INSPECCION ROD. AUTOCENTRANTES)-Rev 11_Auxiliar.csv
2026-02-13 10:13:25,865 [INFO] Exportado Auxiliar -> \\BPBSRV03\lcontigiani\Oficina Tecnica\Registro de Control de Producto\Auxiliares\indices_auxiliar\R016-01 (INSPECCION ROD. CONICOS)-Rev.A_Auxiliar.csv
2026-02-13 10:13:26,130 [INFO] Exportado Auxiliar -> \\BPBSRV03\lcontigiani\Oficina Tecnica\Registro de Control de Producto\Auxiliares\indices_auxiliar\R016-01 (INSPECCION ROD. DE RODILLO)_Auxiliar.csv
2026-02-13 10:13:26,277 [INFO] Exportado Auxiliar -> \\BPBSRV03\lcontigiani\Oficina Tecnica\Registro de Control de Producto\Auxiliares\indices_auxiliar\R016-01 (INSPECCION ROD.RODILLO AGUJA)_Auxiliar.csv
2026-02-13 10:13:26,317 [WARNING] Hoja Auxiliar no encontrada en \\192.168.0.55\utn\REGISTROS\R016-01\R016-01 CONTROL DE RECEPCIÓN DE ROD. NAC.-BPB.xlsm
2026-02-13 10:13:26,366 [WARNING] Hoja Auxiliar no encontrada en \\192.168.0.55\utn\REGISTROS\R016-01\R016-01(FABRICAS).xlsm
2026-02-13 10:13:26,468 [INFO] Exportado Auxiliar -> \\BPBSRV03\lcontigiani\Oficina Tecnica\Registro de Control de Producto\Auxiliares\indices_auxiliar\R016-01(INSPECCION CUERPO PPAL DIST CLIC)_Auxiliar.csv
2026-02-13 10:13:27,053 [INFO] Exportado Auxiliar -> \\BPBSRV03\lcontigiani\Oficina Tecnica\Registro de Control de Producto\Auxiliares\indices_auxiliar\R016-01(INSPECCION DE SOPORTES BIPARTIDOS)_Auxiliar.csv
2026-02-13 10:13:27,721 [INFO] Exportado Auxiliar -> \\BPBSRV03\lcontigiani\Oficina Tecnica\Registro de Control de Producto\Auxiliares\indices_auxiliar\R016-01(INSPECCION ROD. DE BOLAS) - Rev 10_Auxiliar.csv
2026-02-13 10:13:28,748 [INFO] Claves encontradas (Global): ['1291', '1040', '0']
2026-02-13 10:13:28,767 [INFO] POs a procesar (Entrantes): ['PO1291']
2026-02-13 10:13:28,799 [INFO] Step 3 usando max_workers=4
2026-02-13 10:13:50,306 [INFO] Generado json para PO1291-1208-TN-C3 - Rev C.pdf en \\BPBSRV03\lcontigiani\Oficina Tecnica\Registro de Control de Producto\P2 - Purchase Order\Entrantes\PO1291 (regen=True, tipo=Bolas)
2026-02-13 10:13:53,726 [INFO] Generado json para PO1291-1206-TN-C3 - Rev.B.pdf en \\BPBSRV03\lcontigiani\Oficina Tecnica\Registro de Control de Producto\P2 - Purchase Order\Entrantes\PO1291 (regen=True, tipo=Bolas)
2026-02-13 10:13:55,953 [INFO] Generado json para PO1291-22210-CW33C3 - Rev B.pdf en \\BPBSRV03\lcontigiani\Oficina Tecnica\Registro de Control de Producto\P2 - Purchase Order\Entrantes\PO1291 (regen=True, tipo=Rodillo)
2026-02-13 10:13:57,070 [INFO] Generado json para PO1291-1209-TN-C3-Rev.E.pdf en \\BPBSRV03\lcontigiani\Oficina Tecnica\Registro de Control de Producto\P2 - Purchase Order\Entrantes\PO1291 (regen=True, tipo=Bolas)
2026-02-13 10:14:08,718 [INFO] Generado json para PO1291-22211-CKW33C3-Rev C.pdf en \\BPBSRV03\lcontigiani\Oficina Tecnica\Registro de Control de Producto\P2 - Purchase Order\Entrantes\PO1291 (regen=True, tipo=Rodillo)
2026-02-13 10:14:11,001 [INFO] Generado json para PO1291-22211-CW33C3 - Rev C.pdf en \\BPBSRV03\lcontigiani\Oficina Tecnica\Registro de Control de Producto\P2 - Purchase Order\Entrantes\PO1291 (regen=True, tipo=Rodillo)
2026-02-13 10:14:12,634 [INFO] Generado json para PO1291-22213-CW33C3 - Rev B.pdf en \\BPBSRV03\lcontigiani\Oficina Tecnica\Registro de Control de Producto\P2 - Purchase Order\Entrantes\PO1291 (regen=True, tipo=Rodillo)
2026-02-13 10:14:19,438 [INFO] Generado json para PO1291-51107- Rev.B.pdf en \\BPBSRV03\lcontigiani\Oficina Tecnica\Registro de Control de Producto\P2 - Purchase Order\Entrantes\PO1291 (regen=True, tipo=Especial)
2026-02-13 10:14:27,686 [INFO] Generado json para PO1291-51118 -Rev A.pdf en \\BPBSRV03\lcontigiani\Oficina Tecnica\Registro de Control de Producto\P2 - Purchase Order\Entrantes\PO1291 (regen=True, tipo=Especial)
2026-02-13 10:14:30,349 [INFO] Generado json para PO1291-51205.pdf en \\BPBSRV03\lcontigiani\Oficina Tecnica\Registro de Control de Producto\P2 - Purchase Order\Entrantes\PO1291 (regen=True, tipo=Especial)
2026-02-13 10:14:31,555 [INFO] Generado json para PO1291-51310-Rev B.pdf en \\BPBSRV03\lcontigiani\Oficina Tecnica\Registro de Control de Producto\P2 - Purchase Order\Entrantes\PO1291 (regen=True, tipo=Especial)
2026-02-13 10:14:33,067 [INFO] CSV generado para PO1291-1206-TN-C3 - Rev.B.pdf (Bolas) en \\BPBSRV03\lcontigiani\Oficina Tecnica\Registro de Control de Producto\P2 - Purchase Order\Entrantes\PO1291\csv\PO1291-1206-TN-C3 - Rev.B.csv
2026-02-13 10:14:33,143 [INFO] CSV generado para PO1291-1208-TN-C3 - Rev C.pdf (Bolas) en \\BPBSRV03\lcontigiani\Oficina Tecnica\Registro de Control de Producto\P2 - Purchase Order\Entrantes\PO1291\csv\PO1291-1208-TN-C3 - Rev C.csv
2026-02-13 10:14:33,211 [INFO] CSV generado para PO1291-1209-TN-C3-Rev.E.pdf (Bolas) en \\BPBSRV03\lcontigiani\Oficina Tecnica\Registro de Control de Producto\P2 - Purchase Order\Entrantes\PO1291\csv\PO1291-1209-TN-C3-Rev.E.csv
2026-02-13 10:14:33,287 [INFO] CSV generado para PO1291-22210-CW33C3 - Rev B.pdf (Rodillo) en \\BPBSRV03\lcontigiani\Oficina Tecnica\Registro de Control de Producto\P2 - Purchase Order\Entrantes\PO1291\csv\PO1291-22210-CW33C3 - Rev B.csv
2026-02-13 10:14:33,360 [INFO] CSV generado para PO1291-22211-CKW33C3-Rev C.pdf (Rodillo) en \\BPBSRV03\lcontigiani\Oficina Tecnica\Registro de Control de Producto\P2 - Purchase Order\Entrantes\PO1291\csv\PO1291-22211-CKW33C3-Rev C.csv
2026-02-13 10:14:33,422 [INFO] CSV generado para PO1291-22211-CW33C3 - Rev C.pdf (Rodillo) en \\BPBSRV03\lcontigiani\Oficina Tecnica\Registro de Control de Producto\P2 - Purchase Order\Entrantes\PO1291\csv\PO1291-22211-CW33C3 - Rev C.csv
2026-02-13 10:14:33,487 [INFO] CSV generado para PO1291-22213-CW33C3 - Rev B.pdf (Rodillo) en \\BPBSRV03\lcontigiani\Oficina Tecnica\Registro de Control de Producto\P2 - Purchase Order\Entrantes\PO1291\csv\PO1291-22213-CW33C3 - Rev B.csv
2026-02-13 10:14:33,545 [INFO] CSV generado para PO1291-51107- Rev.B.pdf (Especial) en \\BPBSRV03\lcontigiani\Oficina Tecnica\Registro de Control de Producto\P2 - Purchase Order\Entrantes\PO1291\csv\PO1291-51107- Rev.B.csv
2026-02-13 10:14:33,608 [INFO] CSV generado para PO1291-51118 -Rev A.pdf (Especial) en \\BPBSRV03\lcontigiani\Oficina Tecnica\Registro de Control de Producto\P2 - Purchase Order\Entrantes\PO1291\csv\PO1291-51118 -Rev A.csv
2026-02-13 10:14:33,673 [INFO] CSV generado para PO1291-51205.pdf (Especial) en \\BPBSRV03\lcontigiani\Oficina Tecnica\Registro de Control de Producto\P2 - Purchase Order\Entrantes\PO1291\csv\PO1291-51205.csv
2026-02-13 10:14:33,746 [INFO] CSV generado para PO1291-51310-Rev B.pdf (Especial) en \\BPBSRV03\lcontigiani\Oficina Tecnica\Registro de Control de Producto\P2 - Purchase Order\Entrantes\PO1291\csv\PO1291-51310-Rev B.csv
2026-02-13 10:14:33,809 [INFO] PO MOVIDA A FINAL: \\BPBSRV03\lcontigiani\Oficina Tecnica\Registro de Control de Producto\P2 - Purchase Order\Entrantes\PO1291 -> \\BPBSRV03\lcontigiani\Oficina Tecnica\Registro de Control de Producto\P2 - Purchase Order\En Progreso\PO1291
2026-02-18 11:35:23,519 [INFO] Procesando ÚLTIMO REGISTRO: Registro - R0014 - 2026-02-13
2026-02-18 11:35:23,521 [INFO] Claves de búsqueda: 1
2026-02-18 11:35:23,545 [INFO] Carpeta 'Entrantes' limpiada.
2026-02-18 11:35:23,565 [INFO] Buscando PDFs para 1 POs en \\192.168.0.55\Oficina Tecnica\PLANOS\BPB FACTORY PRINTS ...
2026-02-18 11:35:23,566 [INFO] Modo 'Batch Scan' activado (Indexado Único) para 1 POs...
2026-02-18 11:35:23,567 [INFO] Escaneando directorio de PDFs: \\192.168.0.55\Oficina Tecnica\PLANOS\BPB FACTORY PRINTS
2026-02-18 11:37:46,708 [INFO] Escaneo completado. 12302 PDFs analizados.
2026-02-18 11:37:46,710 [INFO] PO 1291: Seleccionados 11 archivos (de 11 candidatos).
2026-02-18 11:37:46,711 [INFO] Búsqueda completada. POs encontradas: 1
2026-02-18 11:37:48,223 [INFO] Resumen paso 2: 1291: copiados 11
2026-02-18 11:37:52,014 [INFO] Faulthandler habilitado en \\BPBSRV03\lcontigiani\Oficina Tecnica\Registro de Control de Producto\Codigos\step3_fault.log
2026-02-18 11:37:52,774 [INFO] Exportado Auxiliar -> \\BPBSRV03\lcontigiani\Oficina Tecnica\Registro de Control de Producto\Auxiliares\indices_auxiliar\R016-01 (INSPECCION DE ENGRANAJES) Rev 2_Auxiliar.csv
2026-02-18 11:37:53,354 [INFO] Exportado Auxiliar -> \\BPBSRV03\lcontigiani\Oficina Tecnica\Registro de Control de Producto\Auxiliares\indices_auxiliar\R016-01 (INSPECCION DE ESPECIALES)_Auxiliar.csv
2026-02-18 11:37:53,862 [WARNING] Hoja Auxiliar no encontrada en \\192.168.0.55\utn\REGISTROS\R016-01\R016-01 (INSPECCION DE MAZAS) - AG59520.xlsm
2026-02-18 11:37:54,416 [INFO] Exportado Auxiliar -> \\BPBSRV03\lcontigiani\Oficina Tecnica\Registro de Control de Producto\Auxiliares\indices_auxiliar\R016-01 (INSPECCION DE SELLOS Y JAULAS)_Auxiliar.csv
2026-02-18 11:37:54,969 [INFO] Exportado Auxiliar -> \\BPBSRV03\lcontigiani\Oficina Tecnica\Registro de Control de Producto\Auxiliares\indices_auxiliar\R016-01 (INSPECCION ROD. AGRICOLA)_Auxiliar.csv
2026-02-18 11:37:55,334 [INFO] Exportado Auxiliar -> \\BPBSRV03\lcontigiani\Oficina Tecnica\Registro de Control de Producto\Auxiliares\indices_auxiliar\R016-01 (INSPECCION ROD. AUTOCENTRANTES)-Rev 11_Auxiliar.csv
2026-02-18 11:37:55,506 [INFO] Exportado Auxiliar -> \\BPBSRV03\lcontigiani\Oficina Tecnica\Registro de Control de Producto\Auxiliares\indices_auxiliar\R016-01 (INSPECCION ROD. CONICOS)-Rev.A_Auxiliar.csv
2026-02-18 11:37:55,752 [INFO] Exportado Auxiliar -> \\BPBSRV03\lcontigiani\Oficina Tecnica\Registro de Control de Producto\Auxiliares\indices_auxiliar\R016-01 (INSPECCION ROD. DE RODILLO)_Auxiliar.csv
2026-02-18 11:37:55,896 [INFO] Exportado Auxiliar -> \\BPBSRV03\lcontigiani\Oficina Tecnica\Registro de Control de Producto\Auxiliares\indices_auxiliar\R016-01 (INSPECCION ROD.RODILLO AGUJA)_Auxiliar.csv
2026-02-18 11:37:55,932 [WARNING] Hoja Auxiliar no encontrada en \\192.168.0.55\utn\REGISTROS\R016-01\R016-01 CONTROL DE RECEPCIÓN DE ROD. NAC.-BPB.xlsm
2026-02-18 11:37:55,993 [WARNING] Hoja Auxiliar no encontrada en \\192.168.0.55\utn\REGISTROS\R016-01\R016-01(FABRICAS).xlsm
2026-02-18 11:37:56,102 [INFO] Exportado Auxiliar -> \\BPBSRV03\lcontigiani\Oficina Tecnica\Registro de Control de Producto\Auxiliares\indices_auxiliar\R016-01(INSPECCION CUERPO PPAL DIST CLIC)_Auxiliar.csv
2026-02-18 11:37:56,676 [INFO] Exportado Auxiliar -> \\BPBSRV03\lcontigiani\Oficina Tecnica\Registro de Control de Producto\Auxiliares\indices_auxiliar\R016-01(INSPECCION DE SOPORTES BIPARTIDOS)_Auxiliar.csv
2026-02-18 11:37:57,314 [INFO] Exportado Auxiliar -> \\BPBSRV03\lcontigiani\Oficina Tecnica\Registro de Control de Producto\Auxiliares\indices_auxiliar\R016-01(INSPECCION ROD. DE BOLAS) - Rev 10_Auxiliar.csv
2026-02-18 11:37:58,378 [INFO] Claves encontradas (Global): ['1291', '1040', '0', '1077', '1282', '1072', '01', '02', '1053', '1083', '1091', '1303', '1304']
2026-02-18 11:37:58,397 [INFO] POs a procesar (Entrantes): ['PO1291']
2026-02-18 11:37:58,433 [INFO] Step 3 usando max_workers=4
