
=== RUN 2026-02-13 09:14:25 PID=10952 ===

=== RUN 2026-02-13 10:13:22 PID=6304 ===

=== RUN 2026-02-18 11:37:52 PID=1824 ===
Windows fatal exception: code 0x80000003

Thread 0x00002a14 (most recent call first):
  File "C:\Users\lcontigiani\AppData\Local\Programs\Python\Python314\Lib\site-packages\PIL\Image.py", line 1132 in convert
  File "C:\Users\lcontigiani\AppData\Local\Programs\Python\Python314\Lib\site-packages\pdfplumber\display.py", line 74 in get_page_image
  File "C:\Users\lcontigiani\AppData\Local\Programs\Python\Python314\Lib\site-packages\pdfplumber\display.py", line 91 in __init__
  File "C:\Users\lcontigiani\AppData\Local\Programs\Python\Python314\Lib\site-packages\pdfplumber\page.py", line 610 in to_image
  File "\\192.168.0.13\lcontigiani\Oficina Tecnica\Registro de Control de Producto\Codigos\step3_prepare_outputs.py", line 535 in render_first_page_png
  File "\\192.168.0.13\lcontigiani\Oficina Tecnica\Registro de Control de Producto\Codigos\step3_prepare_outputs.py", line 592 in extract_notes_with_gemini
  File "\\192.168.0.13\lcontigiani\Oficina Tecnica\Registro de Control de Producto\Codigos\step3_prepare_outputs.py", line 1022 in _process_pdf
  File "C:\Users\lcontigiani\AppData\Local\Programs\Python\Python314\Lib\concurrent\futures\thread.py", line 73 in run
  File "C:\Users\lcontigiani\AppData\Local\Programs\Python\Python314\Lib\concurrent\futures\thread.py", line 86 in run
  File "C:\Users\lcontigiani\AppData\Local\Programs\Python\Python314\Lib\concurrent\futures\thread.py", line 119 in _worker
  File "C:\Users\lcontigiani\AppData\Local\Programs\Python\Python314\Lib\threading.py", line 1023 in run
  File "C:\Users\lcontigiani\AppData\Local\Programs\Python\Python314\Lib\threading.py", line 1081 in _bootstrap_inner
  File "C:\Users\lcontigiani\AppData\Local\Programs\Python\Python314\Lib\threading.py", line 1043 in _bootstrap

Current thread 0x000013f4 (most recent call first):
  File "C:\Users\lcontigiani\AppData\Local\Programs\Python\Python314\Lib\site-packages\pypdfium2\_helpers\page.py", line 45 in _close_impl
  File "C:\Users\lcontigiani\AppData\Local\Programs\Python\Python314\Lib\site-packages\pypdfium2\internal\bases.py", line 68 in _close_template
  File "C:\Users\lcontigiani\AppData\Local\Programs\Python\Python314\Lib\weakref.py", line 490 in __call__
  File "C:\Users\lcontigiani\AppData\Local\Programs\Python\Python314\Lib\site-packages\pypdfium2\internal\bases.py", line 132 in close
  File "C:\Users\lcontigiani\AppData\Local\Programs\Python\Python314\Lib\site-packages\pypdfium2\internal\bases.py", line 129 in close
  File "C:\Users\lcontigiani\AppData\Local\Programs\Python\Python314\Lib\site-packages\pdfplumber\display.py", line 72 in get_page_image
  File "C:\Users\lcontigiani\AppData\Local\Programs\Python\Python314\Lib\site-packages\pdfplumber\display.py", line 91 in __init__
  File "C:\Users\lcontigiani\AppData\Local\Programs\Python\Python314\Lib\site-packages\pdfplumber\page.py", line 610 in to_image
  File "\\192.168.0.13\lcontigiani\Oficina Tecnica\Registro de Control de Producto\Codigos\step3_prepare_outputs.py", line 535 in render_first_page_png
  File "\\192.168.0.13\lcontigiani\Oficina Tecnica\Registro de Control de Producto\Codigos\step3_prepare_outputs.py", line 592 in extract_notes_with_gemini
  File "\\192.168.0.13\lcontigiani\Oficina Tecnica\Registro de Control de Producto\Codigos\step3_prepare_outputs.py", line 1022 in _process_pdf
  File "C:\Users\lcontigiani\AppData\Local\Programs\Python\Python314\Lib\concurrent\futures\thread.py", line 73 in run
  File "C:\Users\lcontigiani\AppData\Local\Programs\Python\Python314\Lib\concurrent\futures\thread.py", line 86 in run
  File "C:\Users\lcontigiani\AppData\Local\Programs\Python\Python314\Lib\concurrent\futures\thread.py", line 119 in _worker
  File "C:\Users\lcontigiani\AppData\Local\Programs\Python\Python314\Lib\threading.py", line 1023 in run
  File "C:\Users\lcontigiani\AppData\Local\Programs\Python\Python314\Lib\threading.py", line 1081 in _bootstrap_inner
  File "C:\Users\lcontigiani\AppData\Local\Programs\Python\Python314\Lib\threading.py", line 1043 in _bootstrap

Thread 0x000019cc (most recent call first):
  File "<frozen importlib._bootstrap_external>", line 953 in get_data
  File "<frozen importlib._bootstrap_external>", line 854 in get_code
  File "<frozen importlib._bootstrap_external>", line 762 in exec_module
  File "<frozen importlib._bootstrap>", line 938 in _load_unlocked
  File "<frozen importlib._bootstrap>", line 1342 in _find_and_load_unlocked
  File "<frozen importlib._bootstrap>", line 1371 in _find_and_load
  File "<frozen importlib._bootstrap>", line 491 in _call_with_frames_removed
  File "<frozen importlib._bootstrap>", line 1426 in _handle_fromlist
  File "C:\Users\lcontigiani\AppData\Local\Programs\Python\Python314\Lib\site-packages\PIL\Image.py", line 339 in preinit
  File "C:\Users\lcontigiani\AppData\Local\Programs\Python\Python314\Lib\site-packages\PIL\Image.py", line 2536 in save
  File "\\192.168.0.13\lcontigiani\Oficina Tecnica\Registro de Control de Producto\Codigos\step3_prepare_outputs.py", line 538 in render_first_page_png
  File "\\192.168.0.13\lcontigiani\Oficina Tecnica\Registro de Control de Producto\Codigos\step3_prepare_outputs.py", line 592 in extract_notes_with_gemini
  File "\\192.168.0.13\lcontigiani\Oficina Tecnica\Registro de Control de Producto\Codigos\step3_prepare_outputs.py", line 1022 in _process_pdf
  File "C:\Users\lcontigiani\AppData\Local\Programs\Python\Python314\Lib\concurrent\futures\thread.py", line 73 in run
  File "C:\Users\lcontigiani\AppData\Local\Programs\Python\Python314\Lib\concurrent\futures\thread.py", line 86 in run
  File "C:\Users\lcontigiani\AppData\Local\Programs\Python\Python314\Lib\concurrent\futures\thread.py", line 119 in _worker
  File "C:\Users\lcontigiani\AppData\Local\Programs\Python\Python314\Lib\threading.py", line 1023 in run
  File "C:\Users\lcontigiani\AppData\Local\Programs\Python\Python314\Lib\threading.py", line 1081 in _bootstrap_inner
  File "C:\Users\lcontigiani\AppData\Local\Programs\Python\Python314\Lib\threading.py", line 1043 in _bootstrap

Thread 0x00002398 (most recent call first):
  File "<frozen importlib._bootstrap>", line 365 in acquire
  File "<frozen importlib._bootstrap>", line 474 in _lock_unlock_module
  File "<frozen importlib._bootstrap>", line 491 in _call_with_frames_removed
  File "<frozen importlib._bootstrap>", line 1426 in _handle_fromlist
  File "C:\Users\lcontigiani\AppData\Local\Programs\Python\Python314\Lib\site-packages\PIL\Image.py", line 345 in preinit
  File "C:\Users\lcontigiani\AppData\Local\Programs\Python\Python314\Lib\site-packages\PIL\Image.py", line 2536 in save
  File "\\192.168.0.13\lcontigiani\Oficina Tecnica\Registro de Control de Producto\Codigos\step3_prepare_outputs.py", line 538 in render_first_page_png
  File "\\192.168.0.13\lcontigiani\Oficina Tecnica\Registro de Control de Producto\Codigos\step3_prepare_outputs.py", line 592 in extract_notes_with_gemini
  File "\\192.168.0.13\lcontigiani\Oficina Tecnica\Registro de Control de Producto\Codigos\step3_prepare_outputs.py", line 1022 in _process_pdf
  File "C:\Users\lcontigiani\AppData\Local\Programs\Python\Python314\Lib\concurrent\futures\thread.py", line 73 in run
  File "C:\Users\lcontigiani\AppData\Local\Programs\Python\Python314\Lib\concurrent\futures\thread.py", line 86 in run
  File "C:\Users\lcontigiani\AppData\Local\Programs\Python\Python314\Lib\concurrent\futures\thread.py", line 119 in _worker
  File "C:\Users\lcontigiani\AppData\Local\Programs\Python\Python314\Lib\threading.py", line 1023 in run
  File "C:\Users\lcontigiani\AppData\Local\Programs\Python\Python314\Lib\threading.py", line 1081 in _bootstrap_inner
  File "C:\Users\lcontigiani\AppData\Local\Programs\Python\Python314\Lib\threading.py", line 1043 in _bootstrap

Thread 0x00002934 (most recent call first):
  File "C:\Users\lcontigiani\AppData\Local\Programs\Python\Python314\Lib\threading.py", line 369 in wait
  File "C:\Users\lcontigiani\AppData\Local\Programs\Python\Python314\Lib\threading.py", line 669 in wait
  File "C:\Users\lcontigiani\AppData\Local\Programs\Python\Python314\Lib\concurrent\futures\_base.py", line 237 in as_completed
  File "\\192.168.0.13\lcontigiani\Oficina Tecnica\Registro de Control de Producto\Codigos\step3_prepare_outputs.py", line 1125 in main
  File "\\192.168.0.13\lcontigiani\Oficina Tecnica\Registro de Control de Producto\Codigos\step3_prepare_outputs.py", line 1217 in <module>

Current thread's C stack trace (most recent call first):
  <cannot get C stack on this system>
