# Glosario de proyectos (una linea por proyecto) "(Proyecto - Alias1, Alias2, Alias3)"
Cuerpo de Siembra - Tren de Siembra,
Caja Eléctrica - Electric Box, Caja Transmision, Caja Transmision Electrica
Maquina de tierra - Ensayo de rodamiento maquina de tierra, sensor de sobrecarga, Sala de calidad, Maq. de tierra, maquina do terra, ensayo
Corte por Hilo
Corte por Agua
Corte por Laser
Grabado Laser
Sistema de Costos - Costos, Sistema de Costos para productos; Sistema de Eliseo
Registros O.T - Sistema de Registros, Registros, Recordatorios
SimpliseedtyS2 - Dupliseedty, DosificadorS2
SimpliseedtyS1 - DosificadorS1,
Orden de Compra - O.D, OdC, P.O , PO, OC
Martin Till
Dosificador Mani en Caja - Mani en Caja,
Cadena Bonder - Bonder, Bonder Stellantis
Mazas Agricolas Varias - Maza Mainero, Maza Ascanelli
Lider Rolamentos - Lider, Rolamentos, Brasil
Proyecto INVAP
Cuerpo Recolector Mainero
Patines para Ventana
Brazo Acondicionador de Suelos
Proyecto VW - VW, Caja Automatica, Proyecto Volkswagen, Volskwagen, Volkswagen Caja automatica
Reporte de Inspeccion
Registros de Control de Calidad
Soporte a Produccion
Soporte a Area Comercial
Seguimiento de Proteccion Intelectual
Ordenes de Produccion
Soporte a Compras Internacionales
Soporte al area Diseño Grafico
Impresoras 3D
Panel de Control O.T
Planimetría
Cotizaciones
Otros - Extra,
Prueba 1
Renders
Caja Cuchillas Electrica
Ensayos
Informes
BP
Calidad
Capacitaciones
Registro para Producción Local
Bandera metalica
B&P Motorsport
Control Diario Calidad
